#
# A fatal error has been detected by the Java Runtime Environment:
#
#  SIGILL (0x4) at pc=0x00007fff688b263c, pid=53217, tid=0x0000000000000307
#
# JRE version: Java(TM) 2 Runtime Environment, Standard Edition (8.0_191-b12) (build 1.8.0_191-b12 26_Oct_2018_18_45 Mac OS X x64(SR5 FP25))
# Java VM: Java HotSpot(TM) 64-Bit Server VM (25.191-b12 mixed mode bsd-amd64 compressed oops)
# Problematic frame:
# C  [libsystem_platform.dylib+0x663c]  _os_unfair_lock_recursive_abort+0x17
#
# Failed to write core dump. Core dumps have been disabled. To enable core dumping, try "ulimit -c unlimited" before starting Java again
#
# If you would like to submit a bug report, please visit:
#   http://bugreport.java.com/bugreport/crash.jsp
# The crash happened outside the Java Virtual Machine in native code.
# See problematic frame for where to report the bug.
#

---------------  T H R E A D  ---------------

Current thread (0x00007fcba66ec000):  JavaThread "AppKit Thread" daemon [_thread_in_native, id=775, stack(0x00007ffeeae79000,0x00007ffeeb679000)]

siginfo: si_signo: 4 (SIGILL), si_code: 1 (ILL_ILLOPC), si_addr: 0x00007fff688b263c

Registers:
RAX=0x0000000000000307, RBX=0x0000000001050002, RCX=0x00007fff688b2bfc, RDX=0x0000000000050001
RSP=0x00007ffeeb662f78, RBP=0x00007ffeeb662fb0, RSI=0x0000000000000307, RDI=0x0000000000000307
R8 =0x000000000000bc9e, R9 =0x0000000000000000, R10=0x00007fcbada00000, R11=0x00007fcbadad5c70
R12=0x0000000000050000, R13=0x0000000000000307, R14=0x0000000000000000, R15=0x0000000104594800
RIP=0x00007fff688b263c, EFLAGS=0x0000000000010202, ERR=0x0000000000000000
  TRAPNO=0x0000000000000006

Top of Stack: (sp=0x00007ffeeb662f78)
0x00007ffeeb662f78:   00007fff688ada23 0000000000000307
0x00007ffeeb662f88:   0000000104592a00 0000000000001e00
0x00007ffeeb662f98:   0000000000000001 0000000104590080
0x00007ffeeb662fa8:   0000000104594800 00007ffeeb663050
0x00007ffeeb662fb8:   00007fff6886f21c 0000000000000000
0x00007ffeeb662fc8:   f6b5400070001003 000000004000ffff
0x00007ffeeb662fd8:   0000000000000001 00007fcbadac0a50
0x00007ffeeb662fe8:   00007fcbadac0a50 0000000000000010
0x00007ffeeb662ff8:   0000000104593e00 00007ffeeb663090
0x00007ffeeb663008:   00007fff00000001 0000000104590080
0x00007ffeeb663018:   ffffffff00000000 0000000300000000
0x00007ffeeb663028:   0000000000000007 0000000000000007
0x00007ffeeb663038:   00007fcb93086b10 0000000000000000
0x00007ffeeb663048:   000000010458f000 00007ffeeb663080
0x00007ffeeb663058:   00007fff6886e0c6 0000000000000007
0x00007ffeeb663068:   9ec548e01ab641c2 00007fff8efa0000
0x00007ffeeb663078:   0000000104594800 00007ffeeb6630b0
0x00007ffeeb663088:   00007fff6886cd7a 0000000000000006
0x00007ffeeb663098:   00007ffeeb6644c0 0000000000000002
0x00007ffeeb6630a8:   0000000104594800 00007ffeeb6630d0
0x00007ffeeb6630b8:   00007fff6886ccf5 0000000000000006
0x00007ffeeb6630c8:   00007ffeeb6644c0 00007ffeeb663100
0x00007ffeeb6630d8:   00000001914bf21a 9ec548e01ab641c2
0x00007ffeeb6630e8:   0000000793086b10 0000000000000002
0x00007ffeeb6630f8:   0000000000000000 00007ffeeb663160
0x00007ffeeb663108:   000000019140cdde 00007fcba6796c68
0x00007ffeeb663118:   00007ffeeb663a70 00007ffeeb663160
0x00007ffeeb663128:   00000001914b02ce 00007ffeeb663a70
0x00007ffeeb663138:   00007ffeeb663a70 00007ffeeb663a70
0x00007ffeeb663148:   00007ffeeb663a70 0000cfe1a6796c6e
0x00007ffeeb663158:   00007fcba8afce40 00007ffeeb663fa0
0x00007ffeeb663168:   00000001913faecc 0000000000000000 

Instructions: (pc=0x00007fff688b263c)
0x00007fff688b261c:   48 89 05 85 04 6f 26 0f 0b 89 f8 48 8d 0d ce 05
0x00007fff688b262c:   00 00 48 89 0d 43 04 6f 26 48 89 05 6c 04 6f 26
0x00007fff688b263c:   0f 0b 89 f8 48 8d 0d 00 06 00 00 48 89 0d 2a 04
0x00007fff688b264c:   6f 26 48 89 05 53 04 6f 26 0f 0b 89 f8 48 8d 0d 

Register to memory mapping:

RAX=0x0000000000000307 is an unknown value
RBX=0x0000000001050002 is an unknown value
RCX=0x00007fff688b2bfc: _h+0x9c in /usr/lib/system/libsystem_platform.dylib at 0x00007fff688ac000
RDX=0x0000000000050001 is an unknown value
RSP=0x00007ffeeb662f78 is pointing into the stack for thread: 0x00007fcba66ec000
RBP=0x00007ffeeb662fb0 is pointing into the stack for thread: 0x00007fcba66ec000
RSI=0x0000000000000307 is an unknown value
RDI=0x0000000000000307 is an unknown value
R8 =0x000000000000bc9e is an unknown value
R9 =0x0000000000000000 is an unknown value
R10=0x00007fcbada00000 is an unknown value
R11=0x00007fcbadad5c70 is an unknown value
R12=0x0000000000050000 is an unknown value
R13=0x0000000000000307 is an unknown value
R14=0x0000000000000000 is an unknown value
R15=0x0000000104594800 is an unknown value


Stack: [0x00007ffeeae79000,0x00007ffeeb679000],  sp=0x00007ffeeb662f78,  free space=8103k
Native frames: (J=compiled Java code, j=interpreted, Vv=VM code, C=native code)
C  [libsystem_platform.dylib+0x663c]  _os_unfair_lock_recursive_abort+0x17
C  [libsystem_malloc.dylib+0x321c]  tiny_malloc_should_clear+0xa5
C  [libsystem_malloc.dylib+0x20c6]  szone_malloc_should_clear+0x42
C  [libsystem_malloc.dylib+0xd7a]  malloc_zone_malloc+0x68
C  [libsystem_malloc.dylib+0xcf5]  malloc+0x15
C  [libspssstat.dylib+0xde21a]  L8D83297FC252EC73y+0x1b
C  [libspssstat.dylib+0x2bdde]  WB23FCE726FE76343h+0x158
C  [libspssstat.dylib+0x19ecc]  Z19C2CE2BE61FB23Fl+0xc44
C  [libspssstat.dylib+0x7fd6e]  Y3225C174857D7D32i+0x74
C  [libspssstat.dylib+0xe1848]  KF4CCEAD3C1E3A34Fy+0x1c2
C  [libsystem_platform.dylib+0x35fd]  _sigtramp+0x1d
C  0x0000000000000004
C  [libsystem_malloc.dylib+0x3297]  tiny_malloc_should_clear+0x120
C  [libsystem_malloc.dylib+0x20c6]  szone_malloc_should_clear+0x42
C  [libsystem_malloc.dylib+0xd7a]  malloc_zone_malloc+0x68
C  [libsystem_malloc.dylib+0xcf5]  malloc+0x15
C  [libc++abi.dylib+0x11dea]  operator new(unsigned long)+0x1a
C  [AppleIntelKBLGraphicsGLDriver+0xe31cd]  Options::VISAOptionsDB::setBool(vISAOptions, bool)+0xbd
C  [AppleIntelKBLGraphicsGLDriver+0xdab3d]  Options::initialize_m_vISAOptions()+0x2f5d
C  [AppleIntelKBLGraphicsGLDriver+0xd15b1]  Options::Options()+0x161
C  [AppleIntelKBLGraphicsGLDriver+0xd143d]  Options::Options()+0xd
C  [AppleIntelKBLGraphicsGLDriver+0xd0f37]  CISA_IR_Builder::CISA_IR_Builder(CM_VISA_BUILDER_OPTION, int, int, _VISA_WA_TABLE*)+0x47
C  [AppleIntelKBLGraphicsGLDriver+0xd0d30]  CISA_IR_Builder::CreateBuilder(CISA_IR_Builder*&, vISABuilderMode, CM_VISA_BUILDER_OPTION, TARGET_PLATFORM, int, char const**, _VISA_WA_TABLE*, bool)+0x90
C  [AppleIntelKBLGraphicsGLDriver+0xd0c82]  CreateVISABuilder+0x32
C  [AppleIntelKBLGraphicsGLDriver+0x29d554]  IGC::CEncoder::InitEncoder(bool, bool)+0x274
C  [AppleIntelKBLGraphicsGLDriver+0xcd600]  IGC::EmitPass::runOnFunction(llvm::Function&)+0x700
C  [AppleIntelKBLGraphicsGLDriver+0x5b9d1]  llvm::FPPassManager::runOnFunction(llvm::Function&)+0x571
C  [AppleIntelKBLGraphicsGLDriver+0x5b433]  llvm::FPPassManager::runOnModule(llvm::Module&)+0x43
C  [AppleIntelKBLGraphicsGLDriver+0x59e36]  llvm::legacy::PassManagerImpl::run(llvm::Module&)+0x396
C  [AppleIntelKBLGraphicsGLDriver+0x3816bb]  void IGC::CodeGen<IGC::VertexShaderContext>(IGC::VertexShaderContext*, llvm::MapVector<llvm::Function*, IGC::CShaderProgram*, llvm::DenseMap<llvm::Function*, unsigned int, llvm::DenseMapInfo<llvm::Function*>, llvm::detail::DenseMapPair<llvm::Function*, unsigned int> >, std::__1::vector<std::__1::pair<llvm::Function*, IGC::CShaderProgram*>, std::__1::allocator<std::__1::pair<llvm::Function*, IGC::CShaderProgram*> > > >&)+0xeb
C  [AppleIntelKBLGraphicsGLDriver+0x1456cc]  void IGC::CodeGenCommon<IGC::VertexShaderContext>(IGC::VertexShaderContext*)+0x3c
C  [AppleIntelKBLGraphicsGLDriver+0x14567d]  IGC::CodeGen(IGC::VertexShaderContext*)+0xd
C  [AppleIntelKBLGraphicsGLDriver+0x1fb714]  void ILAdapter::CreateShader<IGC::VertexShaderContext, USC::SCompilerOutputVertexShaderOpenGL_Gen9>(USC::s_shader*, void*, USC::SCompilerInputStateCommonOpenGL*, USC::SCompilerOutputVertexShaderOpenGL_Gen9*&)+0x1c4
C  [AppleIntelKBLGraphicsGLDriver+0x36d03]  ILAdapter::TranslateILToLLVM(USC::s_shader*, USC::SCompilerInputStateCommonOpenGL*, void*, void*&, GFXCORE_FAMILY)+0xa3
C  [AppleIntelKBLGraphicsGLDriver+0x538a75]  USC::CompileVertexShaderOpenGL(void*, USC::OPTIMIZER_LEVEL, USC::SCompilerInputStateVertexShaderOpenGL const*, USC::SCompilerOutputVertexShaderOpenGL_Gen9*&)+0x25
C  [AppleIntelKBLGraphicsGLDriver+0x365b6]  USC::IM_Shader::Compile(void*, GFXCORE_FAMILY, void*)+0xb2
C  [AppleIntelKBLGraphicsGLDriver+0xda5c]  intelUpdateCtxSysProgramCommon(GLDContextRec*, GLDProgramRec*, GLDPipelineProgramRec*, void*, ShaderInfoCacheRec*, unsigned int)+0xd98
C  [AppleIntelKBLGraphicsGLDriver+0xc245]  gpusLoadCurrentPipelinePrograms+0xbb9
C  [AppleIntelKBLGraphicsGLDriver+0xa274]  updateDispatch+0x643
C  [GLEngine+0xe3fc3]  gleDoDrawDispatchCore+0x2b5
C  [GLEngine+0xc8eac]  glDrawRangeElements_IMM_Exec+0x152
C  [QuartzCore+0x9ec6d]  CA::OGL::GLContext::draw_elements(CA::OGL::PrimitiveMode, unsigned int, unsigned short const*, CA::OGL::Vertex const*, unsigned int, unsigned int, CA::OGL::ClipPlane const*)+0x195
C  [QuartzCore+0x5ae25]  CA::OGL::Context::array_flush()+0x35
C  [QuartzCore+0x78c15]  CA::OGL::Context::ClippedArray::next_rect(CA::Bounds&)+0x11d
C  [QuartzCore+0x7ed86]  CA::OGL::emit_one_part_rect(CA::OGL::Context&, CA::OGL::RectState const&, float const*, float const*, unsigned int)+0x3ca
C  [QuartzCore+0x7d723]  CA::OGL::fill_rect_tex(CA::OGL::Context&, CA::OGL::RectState const&, float const*)+0xc1
C  [QuartzCore+0xb243f]  CA::OGL::ContentsGeometry::fill_and_unbind(CA::OGL::Context&, CA::OGL::Image*) const+0x231
C  [QuartzCore+0xac73f]  CA::OGL::render_contents_background(CA::OGL::Renderer&, CA::OGL::Layer const*)+0x23a5
C  [QuartzCore+0xa9eb7]  CA::OGL::LayerNode::apply(float, CA::OGL::Surface**, float*)+0x45
C  [QuartzCore+0xa8889]  CA::OGL::ImagingNode::render(CA::OGL::ImagingNode::RenderClosure*, unsigned int)+0x1d9
C  [QuartzCore+0xa85c6]  CA::OGL::render_layers(CA::OGL::Renderer&, CA::OGL::Layer*)+0x10c
C  [QuartzCore+0x10d64a]  CA::OGL::render_prepared_layers(CA::OGL::Renderer&, CA::OGL::Layer&, CA::OGL::Layer*, CA::OGL::Gstate const&)+0x7d
C  [QuartzCore+0xa3c5c]  CA::OGL::render_root_layers(CA::OGL::Renderer&, x_link_struct const*, CA::OGL::Gstate const&)+0x88
C  [QuartzCore+0xf1b90]  CA::OGL::Renderer::render(CA::Render::Update const*, unsigned long)+0x44e
C  [QuartzCore+0xf2011]  CA::OGL::render(CA::OGL::Renderer&, CA::Render::Update*, unsigned long)+0x1c3
C  [QuartzCore+0x11fbc2]  view_draw(_CAView*, double, CVTimeStamp const*)+0xde4
C  [QuartzCore+0x89608]  CAViewDraw+0xd4
C  [AppKit+0x827d16]  __NSCGSWindowLocallyRenderedLayerSurfaceCommit__block_invoke+0x3c
C  [AppKit+0x1db1e2]  NSCGSTransactionRunPostCommitActions_+0xb9
C  [AppKit+0x1db0e7]  __39+[_NSCGSTransaction currentTransaction]_block_invoke_2+0x28
C  [QuartzCore+0x3e40]  CA::Transaction::run_commit_handlers(CATransactionPhase)+0x6a
C  [QuartzCore+0x546b]  CA::Context::commit_transaction(CA::Transaction*, double)+0x14b3
C  [QuartzCore+0x2cf0]  CA::Transaction::commit()+0x284
C  [AppKit+0x1e0da1]  __62+[CATransaction(NSCATransaction) NS_setFlushesWithDisplayLink]_block_invoke+0x10a
C  [AppKit+0x900080]  ___NSRunLoopObserverCreateWithHandler_block_invoke+0x29
C  [CoreFoundation+0x83335]  __CFRUNLOOP_IS_CALLING_OUT_TO_AN_OBSERVER_CALLBACK_FUNCTION__+0x17
C  [CoreFoundation+0x83267]  __CFRunLoopDoObservers+0x1c9
C  [CoreFoundation+0x82805]  __CFRunLoopRun+0x36a
C  [CoreFoundation+0x81e3e]  CFRunLoopRunSpecific+0x1ce
C  [HIToolbox+0x2fabd]  RunCurrentEventLoopInMode+0x124
C  [HIToolbox+0x2f6f4]  ReceiveNextEventCommon+0x167
C  [HIToolbox+0x2f579]  _BlockUntilNextEventMatchingListInModeWithFilter+0x40
C  [AppKit+0x41039]  _DPSNextEvent+0x373
C  [AppKit+0x3f880]  -[NSApplication(NSEvent) _nextEventMatchingEventMask:untilDate:inMode:dequeue:]+0x548
C  [libosxapp.dylib+0x2328]  -[NSApplicationAWT nextEventMatchingMask:untilDate:inMode:dequeue:]+0x7c
C  [AppKit+0x3158e]  -[NSApplication run]+0x292
C  [libosxapp.dylib+0x1f72]  +[NSApplicationAWT runAWTLoopWithApp:]+0x9c
C  [libawt_lwawt.dylib+0x4711f]  -[AWTStarter starter:]+0x389
C  [Foundation+0x9b0dd]  __NSThreadPerformPerform+0xcc
C  [CoreFoundation+0x83d52]  __CFRUNLOOP_IS_CALLING_OUT_TO_A_SOURCE0_PERFORM_FUNCTION__+0x11
C  [CoreFoundation+0x83cf1]  __CFRunLoopDoSource0+0x67
C  [CoreFoundation+0x83b0b]  __CFRunLoopDoSources0+0xd1
C  [CoreFoundation+0x8283a]  __CFRunLoopRun+0x39f
C  [CoreFoundation+0x81e3e]  CFRunLoopRunSpecific+0x1ce
C  [libjli.dylib+0x58fe]  CreateExecutionEnvironment+0x367
C  [libjli.dylib+0x14cc]  JLI_Launch+0x7a0
C  [spssLauncher+0x3468]  startStatistics+0xa28
C  [spssLauncher+0x3686]  main+0x1c6
C  [libdyld.dylib+0x1acc9]  start+0x1
C  0x0000000000000001


---------------  P R O C E S S  ---------------

Java Threads: ( => current thread )
  0x00007fcba3ade000 JavaThread "Thread-12" [_thread_blocked, id=68451, stack(0x00007000074b1000,0x00007000075b1000)]
  0x00007fcba6eb2000 JavaThread "TimerQueue" daemon [_thread_blocked, id=71059, stack(0x00007000071a8000,0x00007000072a8000)]
  0x00007fcba2c4b000 JavaThread "MsgReceiverThread" [_thread_blocked, id=71171, stack(0x0000700006fa2000,0x00007000070a2000)]
  0x00007fcba2bab000 JavaThread "DataWriteThread" [_thread_blocked, id=59139, stack(0x0000700006e9f000,0x0000700006f9f000)]
  0x00007fcba2baa000 JavaThread "DataReadThread" [_thread_in_native, id=58883, stack(0x0000700006d9c000,0x0000700006e9c000)]
  0x00007fcba30e8000 JavaThread "Thread-5" [_thread_in_native, id=71939, stack(0x0000700006c99000,0x0000700006d99000)]
  0x00007fcba2978800 JavaThread "Thread-4" [_thread_in_native, id=58115, stack(0x0000700006b96000,0x0000700006c96000)]
  0x00007fcba3c73000 JavaThread "process reaper" daemon [_thread_in_native, id=73363, stack(0x0000700006b6b000,0x0000700006b93000)]
  0x00007fcba3c72800 JavaThread "XML-RPC Weblistener" [_thread_in_native, id=72743, stack(0x0000700006a68000,0x0000700006b68000)]
  0x00007fcba6709800 JavaThread "AWT-EventQueue-0" [_thread_blocked, id=54275, stack(0x000070000685f000,0x000070000695f000)]
  0x00007fcba6c39000 JavaThread "AWT-Shutdown" [_thread_blocked, id=38419, stack(0x00007000063d0000,0x00007000064d0000)]
  0x00007fcba2bd3000 JavaThread "Java2D Queue Flusher" daemon [_thread_in_native, id=78859, stack(0x0000700006659000,0x0000700006759000)]
  0x00007fcba3602000 JavaThread "Java2D Disposer" daemon [_thread_blocked, id=51219, stack(0x0000700006556000,0x0000700006656000)]
=>0x00007fcba66ec000 JavaThread "AppKit Thread" daemon [_thread_in_native, id=775, stack(0x00007ffeeae79000,0x00007ffeeb679000)]
  0x00007fcba66c5800 JavaThread "Timer-0" daemon [_thread_blocked, id=16387, stack(0x0000700006144000,0x0000700006244000)]
  0x00007fcba4085000 JavaThread "Service Thread" daemon [_thread_blocked, id=17155, stack(0x0000700005f3e000,0x000070000603e000)]
  0x00007fcba407c000 JavaThread "C1 CompilerThread2" daemon [_thread_blocked, id=14339, stack(0x0000700005e3b000,0x0000700005f3b000)]
  0x00007fcba407b000 JavaThread "C2 CompilerThread1" daemon [_thread_blocked, id=17923, stack(0x0000700005d38000,0x0000700005e38000)]
  0x00007fcba405f000 JavaThread "C2 CompilerThread0" daemon [_thread_blocked, id=14083, stack(0x0000700005c35000,0x0000700005d35000)]
  0x00007fcba3834000 JavaThread "Signal Dispatcher" daemon [_thread_blocked, id=18435, stack(0x0000700005b32000,0x0000700005c32000)]
  0x00007fcba3014800 JavaThread "Finalizer" daemon [_thread_blocked, id=20227, stack(0x00007000059ac000,0x0000700005aac000)]
  0x00007fcba4050800 JavaThread "Reference Handler" daemon [_thread_blocked, id=20739, stack(0x00007000058a9000,0x00007000059a9000)]
  0x00007fcba4009000 JavaThread "main" [_thread_blocked, id=5891, stack(0x0000700005297000,0x0000700005397000)]

Other Threads:
  0x00007fcba404e000 VMThread [stack: 0x00007000057a6000,0x00007000058a6000] [id=20995]
  0x00007fcba406d800 WatcherThread [stack: 0x0000700006041000,0x0000700006141000] [id=16899]

VM state:not at safepoint (normal execution)

VM Mutex/Monitor currently owned by a thread: None

Heap:
 PSYoungGen      total 127488K, used 99854K [0x00000007a0000000, 0x00000007ab500000, 0x00000007c0000000)
  eden space 98304K, 72% used [0x00000007a0000000,0x00000007a457fde0,0x00000007a6000000)
  from space 29184K, 98% used [0x00000007a6480000,0x00000007a8083ac0,0x00000007a8100000)
  to   space 43520K, 0% used [0x00000007a8a80000,0x00000007a8a80000,0x00000007ab500000)
 ParOldGen       total 68608K, used 46945K [0x0000000760000000, 0x0000000764300000, 0x00000007a0000000)
  object space 68608K, 68% used [0x0000000760000000,0x0000000762dd85a0,0x0000000764300000)
 Metaspace       used 51378K, capacity 52287K, committed 52656K, reserved 1093632K
  class space    used 7411K, capacity 7586K, committed 7600K, reserved 1048576K

Card table byte_map: [0x0000000106245000,0x0000000106546000] byte_map_base: 0x0000000102745000

Marking Bits: (ParMarkBitMap*) 0x0000000105779e00
 Begin Bits: [0x0000000106746000, 0x0000000107f46000)
 End Bits:   [0x0000000107f46000, 0x0000000109746000)

Polling page: 0x00000001045fb000

CodeCache: size=245760Kb used=32332Kb max_used=32342Kb free=213427Kb
 bounds [0x0000000112885000, 0x0000000114895000, 0x0000000121885000]
 total_blobs=10191 nmethods=9391 adapters=711
 compilation: enabled

Compilation events (10 events):
Event: 96291.275 Thread 0x00007fcba405f000 12385 %s!   4       sun.java2d.opengl.OGLRenderQueue$QueueFlusher::run @ 2 (234 bytes)
Event: 96291.630 Thread 0x00007fcba405f000 nmethod 12385% 0x0000000113ca19d0 code [0x0000000113ca1c80, 0x0000000113ca2b38]
Event: 124924.094 Thread 0x00007fcba405f000 12386 % !   4       com.spss.java_client.core.documents.AppMgr::manageReconnect @ 0 (435 bytes)
Event: 124929.492 Thread 0x00007fcba405f000 nmethod 12386% 0x00000001143e6ad0 code [0x00000001143e6c80, 0x00000001143e73c8]
Event: 130079.894 Thread 0x00007fcba405f000 12387   !   4       com.spss.java_client.core.server.DataReadThread::instantiateReadMsg (241 bytes)
Event: 130081.942 Thread 0x00007fcba405f000 nmethod 12387 0x000000011465a290 code [0x000000011465a500, 0x000000011465b3b0]
Event: 135970.965 Thread 0x00007fcba407c000 12388       3       java.awt.Container::updateGraphicsData (59 bytes)
Event: 135972.655 Thread 0x00007fcba407c000 nmethod 12388 0x0000000114659390 code [0x00000001146595a0, 0x0000000114659f28]
Event: 135972.655 Thread 0x00007fcba407c000 12389       1       sun.awt.NullComponentPeer::updateGraphicsData (2 bytes)
Event: 135972.656 Thread 0x00007fcba407c000 nmethod 12389 0x00000001140bb850 code [0x00000001140bb9a0, 0x00000001140bbab0]

GC Heap History (10 events):
Event: 22987.979 GC heap before
{Heap before GC invocations=34 (full 3):
 PSYoungGen      total 153088K, used 149412K [0x00000007a0000000, 0x00000007abe80000, 0x00000007c0000000)
  eden space 122368K, 100% used [0x00000007a0000000,0x00000007a7780000,0x00000007a7780000)
  from space 30720K, 88% used [0x00000007aa080000,0x00000007abae93a8,0x00000007abe80000)
  to   space 36352K, 0% used [0x00000007a7780000,0x00000007a7780000,0x00000007a9b00000)
 ParOldGen       total 68608K, used 46886K [0x0000000760000000, 0x0000000764300000, 0x00000007a0000000)
  object space 68608K, 68% used [0x0000000760000000,0x0000000762dc9950,0x0000000764300000)
 Metaspace       used 51097K, capacity 52031K, committed 52400K, reserved 1093632K
  class space    used 7405K, capacity 7586K, committed 7600K, reserved 1048576K
Event: 22991.323 GC heap after
Heap after GC invocations=34 (full 3):
 PSYoungGen      total 145920K, used 28430K [0x00000007a0000000, 0x00000007abf80000, 0x00000007c0000000)
  eden space 117248K, 0% used [0x00000007a0000000,0x00000007a0000000,0x00000007a7280000)
  from space 28672K, 99% used [0x00000007a7780000,0x00000007a9343890,0x00000007a9380000)
  to   space 39424K, 0% used [0x00000007a9900000,0x00000007a9900000,0x00000007abf80000)
 ParOldGen       total 68608K, used 46894K [0x0000000760000000, 0x0000000764300000, 0x00000007a0000000)
  object space 68608K, 68% used [0x0000000760000000,0x0000000762dcb950,0x0000000764300000)
 Metaspace       used 51097K, capacity 52031K, committed 52400K, reserved 1093632K
  class space    used 7405K, capacity 7586K, committed 7600K, reserved 1048576K
}
Event: 38883.218 GC heap before
{Heap before GC invocations=35 (full 3):
 PSYoungGen      total 145920K, used 145678K [0x00000007a0000000, 0x00000007abf80000, 0x00000007c0000000)
  eden space 117248K, 100% used [0x00000007a0000000,0x00000007a7280000,0x00000007a7280000)
  from space 28672K, 99% used [0x00000007a7780000,0x00000007a9343890,0x00000007a9380000)
  to   space 39424K, 0% used [0x00000007a9900000,0x00000007a9900000,0x00000007abf80000)
 ParOldGen       total 68608K, used 46894K [0x0000000760000000, 0x0000000764300000, 0x00000007a0000000)
  object space 68608K, 68% used [0x0000000760000000,0x0000000762dcb950,0x0000000764300000)
 Metaspace       used 51133K, capacity 52095K, committed 52400K, reserved 1093632K
  class space    used 7405K, capacity 7586K, committed 7600K, reserved 1048576K
Event: 38883.433 GC heap after
Heap after GC invocations=35 (full 3):
 PSYoungGen      total 150528K, used 27146K [0x00000007a0000000, 0x00000007abe80000, 0x00000007c0000000)
  eden space 112128K, 0% used [0x00000007a0000000,0x00000007a0000000,0x00000007a6d80000)
  from space 38400K, 70% used [0x00000007a9900000,0x00000007ab382b28,0x00000007abe80000)
  to   space 41472K, 0% used [0x00000007a6d80000,0x00000007a6d80000,0x00000007a9600000)
 ParOldGen       total 68608K, used 46902K [0x0000000760000000, 0x0000000764300000, 0x00000007a0000000)
  object space 68608K, 68% used [0x0000000760000000,0x0000000762dcd950,0x0000000764300000)
 Metaspace       used 51133K, capacity 52095K, committed 52400K, reserved 1093632K
  class space    used 7405K, capacity 7586K, committed 7600K, reserved 1048576K
}
Event: 38906.454 GC heap before
{Heap before GC invocations=36 (full 3):
 PSYoungGen      total 150528K, used 139274K [0x00000007a0000000, 0x00000007abe80000, 0x00000007c0000000)
  eden space 112128K, 100% used [0x00000007a0000000,0x00000007a6d80000,0x00000007a6d80000)
  from space 38400K, 70% used [0x00000007a9900000,0x00000007ab382b28,0x00000007abe80000)
  to   space 41472K, 0% used [0x00000007a6d80000,0x00000007a6d80000,0x00000007a9600000)
 ParOldGen       total 68608K, used 46902K [0x0000000760000000, 0x0000000764300000, 0x00000007a0000000)
  object space 68608K, 68% used [0x0000000760000000,0x0000000762dcd950,0x0000000764300000)
 Metaspace       used 51192K, capacity 52095K, committed 52400K, reserved 1093632K
  class space    used 7408K, capacity 7586K, committed 7600K, reserved 1048576K
Event: 38906.527 GC heap after
Heap after GC invocations=36 (full 3):
 PSYoungGen      total 130560K, used 22814K [0x00000007a0000000, 0x00000007ab900000, 0x00000007c0000000)
  eden space 107520K, 0% used [0x00000007a0000000,0x00000007a0000000,0x00000007a6900000)
  from space 23040K, 99% used [0x00000007a6d80000,0x00000007a83c7b30,0x00000007a8400000)
  to   space 40960K, 0% used [0x00000007a9100000,0x00000007a9100000,0x00000007ab900000)
 ParOldGen       total 68608K, used 46910K [0x0000000760000000, 0x0000000764300000, 0x00000007a0000000)
  object space 68608K, 68% used [0x0000000760000000,0x0000000762dcf950,0x0000000764300000)
 Metaspace       used 51192K, capacity 52095K, committed 52400K, reserved 1093632K
  class space    used 7408K, capacity 7586K, committed 7600K, reserved 1048576K
}
Event: 38930.972 GC heap before
{Heap before GC invocations=37 (full 3):
 PSYoungGen      total 130560K, used 130334K [0x00000007a0000000, 0x00000007ab900000, 0x00000007c0000000)
  eden space 107520K, 100% used [0x00000007a0000000,0x00000007a6900000,0x00000007a6900000)
  from space 23040K, 99% used [0x00000007a6d80000,0x00000007a83c7b30,0x00000007a8400000)
  to   space 40960K, 0% used [0x00000007a9100000,0x00000007a9100000,0x00000007ab900000)
 ParOldGen       total 68608K, used 46910K [0x0000000760000000, 0x0000000764300000, 0x00000007a0000000)
  object space 68608K, 68% used [0x0000000760000000,0x0000000762dcf950,0x0000000764300000)
 Metaspace       used 51323K, capacity 52287K, committed 52656K, reserved 1093632K
  class space    used 7410K, capacity 7586K, committed 7600K, reserved 1048576K
Event: 38931.013 GC heap after
Heap after GC invocations=37 (full 3):
 PSYoungGen      total 141312K, used 26276K [0x00000007a0000000, 0x00000007ab680000, 0x00000007c0000000)
  eden space 102912K, 0% used [0x00000007a0000000,0x00000007a0000000,0x00000007a6480000)
  from space 38400K, 68% used [0x00000007a9100000,0x00000007aaaa91e8,0x00000007ab680000)
  to   space 41984K, 0% used [0x00000007a6480000,0x00000007a6480000,0x00000007a8d80000)
 ParOldGen       total 68608K, used 46937K [0x0000000760000000, 0x0000000764300000, 0x00000007a0000000)
  object space 68608K, 68% used [0x0000000760000000,0x0000000762dd65a0,0x0000000764300000)
 Metaspace       used 51323K, capacity 52287K, committed 52656K, reserved 1093632K
  class space    used 7410K, capacity 7586K, committed 7600K, reserved 1048576K
}
Event: 39646.211 GC heap before
{Heap before GC invocations=38 (full 3):
 PSYoungGen      total 141312K, used 129188K [0x00000007a0000000, 0x00000007ab680000, 0x00000007c0000000)
  eden space 102912K, 100% used [0x00000007a0000000,0x00000007a6480000,0x00000007a6480000)
  from space 38400K, 68% used [0x00000007a9100000,0x00000007aaaa91e8,0x00000007ab680000)
  to   space 41984K, 0% used [0x00000007a6480000,0x00000007a6480000,0x00000007a8d80000)
 ParOldGen       total 68608K, used 46937K [0x0000000760000000, 0x0000000764300000, 0x00000007a0000000)
  object space 68608K, 68% used [0x0000000760000000,0x0000000762dd65a0,0x0000000764300000)
 Metaspace       used 51351K, capacity 52287K, committed 52656K, reserved 1093632K
  class space    used 7410K, capacity 7586K, committed 7600K, reserved 1048576K
Event: 39646.330 GC heap after
Heap after GC invocations=38 (full 3):
 PSYoungGen      total 127488K, used 28686K [0x00000007a0000000, 0x00000007ab500000, 0x00000007c0000000)
  eden space 98304K, 0% used [0x00000007a0000000,0x00000007a0000000,0x00000007a6000000)
  from space 29184K, 98% used [0x00000007a6480000,0x00000007a8083ac0,0x00000007a8100000)
  to   space 43520K, 0% used [0x00000007a8a80000,0x00000007a8a80000,0x00000007ab500000)
 ParOldGen       total 68608K, used 46945K [0x0000000760000000, 0x0000000764300000, 0x00000007a0000000)
  object space 68608K, 68% used [0x0000000760000000,0x0000000762dd85a0,0x0000000764300000)
 Metaspace       used 51351K, capacity 52287K, committed 52656K, reserved 1093632K
  class space    used 7410K, capacity 7586K, committed 7600K, reserved 1048576K
}

Deoptimization events (10 events):
Event: 135973.732 Thread 0x00007fcba6709800 Uncommon trap: reason=unstable_if action=reinterpret pc=0x0000000113e3d16c method=sun.java2d.SunGraphics2D.transformShape(Ljava/awt/Shape;)Ljava/awt/Shape; @ 11
Event: 135973.734 Thread 0x00007fcba6709800 Uncommon trap: reason=unstable_if action=reinterpret pc=0x00000001146db870 method=sun.java2d.SunGraphics2D.intersectShapes(Ljava/awt/Shape;Ljava/awt/Shape;ZZ)Ljava/awt/Shape; @ 4
Event: 135973.741 Thread 0x00007fcba6709800 Uncommon trap: reason=unstable_if action=reinterpret pc=0x0000000114268620 method=sun.java2d.SunGraphics2D.getClipBounds(Ljava/awt/Rectangle;)Ljava/awt/Rectangle; @ 12
Event: 135974.069 Thread 0x00007fcba6709800 Uncommon trap: reason=unstable_if action=reinterpret pc=0x00000001132d7c80 method=sun.java2d.SunGraphics2D.transformShape(Ljava/awt/Shape;)Ljava/awt/Shape; @ 11
Event: 135974.251 Thread 0x00007fcba6709800 Uncommon trap: reason=unstable_if action=reinterpret pc=0x00000001146ad630 method=sun.java2d.SunGraphics2D.hitClip(IIII)Z @ 16
Event: 135974.251 Thread 0x00007fcba6709800 Uncommon trap: reason=unstable_if action=reinterpret pc=0x0000000113172150 method=sun.java2d.SunGraphics2D.transformShape(Ljava/awt/Shape;)Ljava/awt/Shape; @ 11
Event: 135974.252 Thread 0x00007fcba6709800 Uncommon trap: reason=unstable_if action=reinterpret pc=0x000000011398a434 method=sun.java2d.SunGraphics2D.getClipBounds(Ljava/awt/Rectangle;)Ljava/awt/Rectangle; @ 12
Event: 135974.252 Thread 0x00007fcba6709800 Uncommon trap: reason=unstable_if action=reinterpret pc=0x00000001139b90dc method=sun.java2d.SunGraphics2D.transformShape(Ljava/awt/Shape;)Ljava/awt/Shape; @ 11
Event: 135974.252 Thread 0x00007fcba6709800 Uncommon trap: reason=unstable_if action=reinterpret pc=0x0000000113f31a60 method=sun.java2d.SunGraphics2D.getClipBounds(Ljava/awt/Rectangle;)Ljava/awt/Rectangle; @ 12
Event: 135974.524 Thread 0x00007fcba6709800 Uncommon trap: reason=unstable_if action=reinterpret pc=0x0000000113f40e0c method=sun.java2d.pipe.DrawImage.scaleImage(Lsun/java2d/SunGraphics2D;Ljava/awt/Image;IIIILjava/awt/Color;)Z @ 28

Classes redefined (0 events):
No events

Internal exceptions (10 events):
Event: 135921.669 Thread 0x00007fcba3c72800 Exception <a 'java/net/SocketTimeoutException': Accept timed out> (0x00000007a40a0f40) thrown at [/Users/java_re/workspace/8-2-build-macosx-x86_64/jdk8u191/11896/hotspot/src/share/vm/prims/jni.cpp, line 735]
Event: 135925.765 Thread 0x00007fcba3c72800 Exception <a 'java/net/SocketTimeoutException': Accept timed out> (0x00000007a40a12d8) thrown at [/Users/java_re/workspace/8-2-build-macosx-x86_64/jdk8u191/11896/hotspot/src/share/vm/prims/jni.cpp, line 735]
Event: 135929.861 Thread 0x00007fcba3c72800 Exception <a 'java/net/SocketTimeoutException': Accept timed out> (0x00000007a40a1670) thrown at [/Users/java_re/workspace/8-2-build-macosx-x86_64/jdk8u191/11896/hotspot/src/share/vm/prims/jni.cpp, line 735]
Event: 135939.115 Thread 0x00007fcba3c72800 Exception <a 'java/net/SocketTimeoutException': Accept timed out> (0x00000007a40a1a08) thrown at [/Users/java_re/workspace/8-2-build-macosx-x86_64/jdk8u191/11896/hotspot/src/share/vm/prims/jni.cpp, line 735]
Event: 135953.211 Thread 0x00007fcba3c72800 Exception <a 'java/net/SocketTimeoutException': Accept timed out> (0x00000007a40a1da0) thrown at [/Users/java_re/workspace/8-2-build-macosx-x86_64/jdk8u191/11896/hotspot/src/share/vm/prims/jni.cpp, line 735]
Event: 135960.563 Thread 0x00007fcba3c72800 Exception <a 'java/net/SocketTimeoutException': Accept timed out> (0x00000007a40a2150) thrown at [/Users/java_re/workspace/8-2-build-macosx-x86_64/jdk8u191/11896/hotspot/src/share/vm/prims/jni.cpp, line 735]
Event: 135964.871 Thread 0x00007fcba3c72800 Exception <a 'java/net/SocketTimeoutException': Accept timed out> (0x00000007a40a24e8) thrown at [/Users/java_re/workspace/8-2-build-macosx-x86_64/jdk8u191/11896/hotspot/src/share/vm/prims/jni.cpp, line 735]
Event: 135968.930 Thread 0x00007fcba66ec000 Implicit null exception at 0x0000000113f65c4b to 0x0000000113f67f29
Event: 135968.995 Thread 0x00007fcba3c72800 Exception <a 'java/net/SocketTimeoutException': Accept timed out> (0x00000007a40a2880) thrown at [/Users/java_re/workspace/8-2-build-macosx-x86_64/jdk8u191/11896/hotspot/src/share/vm/prims/jni.cpp, line 735]
Event: 135973.157 Thread 0x00007fcba3c72800 Exception <a 'java/net/SocketTimeoutException': Accept timed out> (0x00000007a40a2c18) thrown at [/Users/java_re/workspace/8-2-build-macosx-x86_64/jdk8u191/11896/hotspot/src/share/vm/prims/jni.cpp, line 735]

Events (10 events):
Event: 135974.252 Thread 0x00007fcba6709800 DEOPT UNPACKING pc=0x00000001128ca73a sp=0x000070000695c3c0 mode 2
Event: 135974.252 Thread 0x00007fcba6709800 Uncommon trap: trap_request=0xffffff65 fr.pc=0x00000001139b90dc
Event: 135974.252 Thread 0x00007fcba6709800 DEOPT PACKING pc=0x00000001139b90dc sp=0x000070000695c1f0
Event: 135974.252 Thread 0x00007fcba6709800 DEOPT UNPACKING pc=0x00000001128ca73a sp=0x000070000695c1b0 mode 2
Event: 135974.252 Thread 0x00007fcba6709800 Uncommon trap: trap_request=0xffffff65 fr.pc=0x0000000113f31a60
Event: 135974.252 Thread 0x00007fcba6709800 DEOPT PACKING pc=0x0000000113f31a60 sp=0x000070000695c1f0
Event: 135974.275 Thread 0x00007fcba6709800 DEOPT UNPACKING pc=0x00000001128ca73a sp=0x000070000695c1d0 mode 2
Event: 135974.521 Thread 0x00007fcba6709800 Uncommon trap: trap_request=0xffffff65 fr.pc=0x0000000113f40e0c
Event: 135974.529 Thread 0x00007fcba6709800 DEOPT PACKING pc=0x0000000113f40e0c sp=0x000070000695b920
Event: 135974.534 Thread 0x00007fcba6709800 DEOPT UNPACKING pc=0x00000001128ca73a sp=0x000070000695b7b0 mode 2


Dynamic libraries:
0x00007fff2d8ba000 	/System/Library/Frameworks/Cocoa.framework/Versions/A/Cocoa
0x00007fff67984000 	/usr/lib/libstdc++.6.dylib
0x00007fff6569b000 	/usr/lib/libSystem.B.dylib
0x00007fff674fb000 	/usr/lib/libobjc.A.dylib
0x00007fff2e75c000 	/System/Library/Frameworks/CoreFoundation.framework/Versions/A/CoreFoundation
0x00007fff30e19000 	/System/Library/Frameworks/Foundation.framework/Versions/C/Foundation
0x00007fff2ba0f000 	/System/Library/Frameworks/AppKit.framework/Versions/C/AppKit
0x00007fff2e23e000 	/System/Library/Frameworks/CoreData.framework/Versions/A/CoreData
0x00007fff5f6b0000 	/System/Library/PrivateFrameworks/UIFoundation.framework/Versions/A/UIFoundation
0x00007fff5a744000 	/System/Library/PrivateFrameworks/RemoteViewServices.framework/Versions/A/RemoteViewServices
0x00007fff6220b000 	/System/Library/PrivateFrameworks/XCTTargetBootstrap.framework/Versions/A/XCTTargetBootstrap
0x00007fff2e629000 	/System/Library/Frameworks/CoreDisplay.framework/Versions/A/CoreDisplay
0x00007fff33cd4000 	/System/Library/Frameworks/Metal.framework/Versions/A/Metal
0x00007fff48747000 	/System/Library/PrivateFrameworks/DesktopServicesPriv.framework/Versions/A/DesktopServicesPriv
0x00007fff667d6000 	/usr/lib/liblangid.dylib
0x00007fff479dc000 	/System/Library/PrivateFrameworks/CoreSVG.framework/Versions/A/CoreSVG
0x00007fff5d8a0000 	/System/Library/PrivateFrameworks/SkyLight.framework/Versions/A/SkyLight
0x00007fff2ebdd000 	/System/Library/Frameworks/CoreGraphics.framework/Versions/A/CoreGraphics
0x00007fff2a3e3000 	/System/Library/Frameworks/Accelerate.framework/Versions/A/Accelerate
0x00007fff67ac8000 	/usr/lib/libxml2.2.dylib
0x00007fff536cf000 	/System/Library/PrivateFrameworks/IconServices.framework/Versions/A/IconServices
0x00007fff315f8000 	/System/Library/Frameworks/IOSurface.framework/Versions/A/IOSurface
0x00007fff651c5000 	/usr/lib/libDiagnosticMessagesClient.dylib
0x00007fff67bd7000 	/usr/lib/libz.1.dylib
0x00007fff2c81f000 	/System/Library/Frameworks/ApplicationServices.framework/Versions/A/ApplicationServices
0x00007fff485a1000 	/System/Library/PrivateFrameworks/DFRFoundation.framework/Versions/A/DFRFoundation
0x00007fff66565000 	/usr/lib/libicucore.A.dylib
0x00007fff2cb51000 	/System/Library/Frameworks/AudioToolbox.framework/Versions/A/AudioToolbox
0x00007fff2cc34000 	/System/Library/Frameworks/AudioUnit.framework/Versions/A/AudioUnit
0x00007fff6589d000 	/usr/lib/libauto.dylib
0x00007fff48643000 	/System/Library/PrivateFrameworks/DataDetectorsCore.framework/Versions/A/DataDetectorsCore
0x00007fff2d3db000 	/System/Library/Frameworks/Carbon.framework/Versions/A/Frameworks/HIToolbox.framework/Versions/A/HIToolbox
0x00007fff3a2ad000 	/System/Library/Frameworks/QuartzCore.framework/Versions/A/QuartzCore
0x00007fff3b0b3000 	/System/Library/Frameworks/Security.framework/Versions/A/Security
0x00007fff2d71a000 	/System/Library/Frameworks/Carbon.framework/Versions/A/Frameworks/SpeechRecognition.framework/Versions/A/SpeechRecognition
0x00007fff480b5000 	/System/Library/PrivateFrameworks/CoreUI.framework/Versions/A/CoreUI
0x00007fff2dca9000 	/System/Library/Frameworks/CoreAudio.framework/Versions/A/CoreAudio
0x00007fff30ad8000 	/System/Library/Frameworks/DiskArbitration.framework/Versions/A/DiskArbitration
0x00007fff5571f000 	/System/Library/PrivateFrameworks/MultitouchSupport.framework/Versions/A/MultitouchSupport
0x00007fff6642c000 	/usr/lib/libenergytrace.dylib
0x00007fff31552000 	/System/Library/Frameworks/IOKit.framework/Versions/A/IOKit
0x00007fff2fb44000 	/System/Library/Frameworks/CoreServices.framework/Versions/A/CoreServices
0x00007fff578d7000 	/System/Library/PrivateFrameworks/PerformanceAnalysis.framework/Versions/A/PerformanceAnalysis
0x00007fff392e0000 	/System/Library/Frameworks/OpenGL.framework/Versions/A/OpenGL
0x00007fff2d8c8000 	/System/Library/Frameworks/ColorSync.framework/Versions/A/ColorSync
0x00007fff2f260000 	/System/Library/Frameworks/CoreImage.framework/Versions/A/CoreImage
0x00007fff305b7000 	/System/Library/Frameworks/CoreText.framework/Versions/A/CoreText
0x00007fff31688000 	/System/Library/Frameworks/ImageIO.framework/Versions/A/ImageIO
0x00007fff65981000 	/usr/lib/libc++.1.dylib
0x00007fff659fd000 	/usr/lib/libcompression.dylib
0x00007fff65509000 	/usr/lib/libMobileGestalt.dylib
0x00007fff5f41a000 	/System/Library/PrivateFrameworks/TextureIO.framework/Versions/A/TextureIO
0x00007fff65800000 	/usr/lib/libate.dylib
0x00007fff538d8000 	/System/Library/PrivateFrameworks/InternationalSupport.framework/Versions/A/InternationalSupport
0x00007fff68498000 	/usr/lib/system/libcache.dylib
0x00007fff6849e000 	/usr/lib/system/libcommonCrypto.dylib
0x00007fff684aa000 	/usr/lib/system/libcompiler_rt.dylib
0x00007fff684b2000 	/usr/lib/system/libcopyfile.dylib
0x00007fff684bc000 	/usr/lib/system/libcorecrypto.dylib
0x00007fff6865b000 	/usr/lib/system/libdispatch.dylib
0x00007fff6869c000 	/usr/lib/system/libdyld.dylib
0x00007fff686d3000 	/usr/lib/system/libkeymgr.dylib
0x00007fff686e1000 	/usr/lib/system/liblaunch.dylib
0x00007fff686e2000 	/usr/lib/system/libmacho.dylib
0x00007fff686e8000 	/usr/lib/system/libquarantine.dylib
0x00007fff686eb000 	/usr/lib/system/libremovefile.dylib
0x00007fff686ed000 	/usr/lib/system/libsystem_asl.dylib
0x00007fff68705000 	/usr/lib/system/libsystem_blocks.dylib
0x00007fff68706000 	/usr/lib/system/libsystem_c.dylib
0x00007fff6878e000 	/usr/lib/system/libsystem_configuration.dylib
0x00007fff68792000 	/usr/lib/system/libsystem_coreservices.dylib
0x00007fff68796000 	/usr/lib/system/libsystem_darwin.dylib
0x00007fff6879f000 	/usr/lib/system/libsystem_dnssd.dylib
0x00007fff687a7000 	/usr/lib/system/libsystem_featureflags.dylib
0x00007fff687a9000 	/usr/lib/system/libsystem_info.dylib
0x00007fff68824000 	/usr/lib/system/libsystem_m.dylib
0x00007fff6886c000 	/usr/lib/system/libsystem_malloc.dylib
0x00007fff68894000 	/usr/lib/system/libsystem_networkextension.dylib
0x00007fff688a2000 	/usr/lib/system/libsystem_notify.dylib
0x00007fff688c0000 	/usr/lib/system/libsystem_sandbox.dylib
0x00007fff688c5000 	/usr/lib/system/libsystem_secinit.dylib
0x00007fff687f7000 	/usr/lib/system/libsystem_kernel.dylib
0x00007fff688ac000 	/usr/lib/system/libsystem_platform.dylib
0x00007fff688b5000 	/usr/lib/system/libsystem_pthread.dylib
0x00007fff688c8000 	/usr/lib/system/libsystem_symptoms.dylib
0x00007fff688d0000 	/usr/lib/system/libsystem_trace.dylib
0x00007fff688e8000 	/usr/lib/system/libunwind.dylib
0x00007fff688ee000 	/usr/lib/system/libxpc.dylib
0x00007fff659d4000 	/usr/lib/libc++abi.dylib
0x00007fff667d8000 	/usr/lib/liblzma.5.dylib
0x00007fff66453000 	/usr/lib/libfakelink.dylib
0x00007fff6578d000 	/usr/lib/libarchive.2.dylib
0x00007fff3c164000 	/System/Library/Frameworks/SystemConfiguration.framework/Versions/A/SystemConfiguration
0x00007fff650f8000 	/usr/lib/libCRFSuite.dylib
0x00007fff2cfcb000 	/System/Library/Frameworks/CFNetwork.framework/Versions/A/CFNetwork
0x00007fff65963000 	/usr/lib/libbsm.0.dylib
0x00007fff686d4000 	/usr/lib/system/libkxld.dylib
0x00007fff41f1e000 	/System/Library/PrivateFrameworks/AppleFSCompression.framework/Versions/A/AppleFSCompression
0x00007fff65cee000 	/usr/lib/libcoretls.dylib
0x00007fff65d05000 	/usr/lib/libcoretls_cfhelpers.dylib
0x00007fff67541000 	/usr/lib/libpam.2.dylib
0x00007fff67676000 	/usr/lib/libsqlite3.dylib
0x00007fff67ab5000 	/usr/lib/libxar.1.dylib
0x00007fff65974000 	/usr/lib/libbz2.1.0.dylib
0x00007fff66474000 	/usr/lib/libiconv.2.dylib
0x00007fff659ea000 	/usr/lib/libcharset.1.dylib
0x00007fff66fde000 	/usr/lib/libnetwork.dylib
0x00007fff67548000 	/usr/lib/libpcap.A.dylib
0x00007fff65742000 	/usr/lib/libapple_nghttp2.dylib
0x00007fff2fefb000 	/System/Library/Frameworks/CoreServices.framework/Versions/A/Frameworks/FSEvents.framework/Versions/A/FSEvents
0x00007fff2fbcb000 	/System/Library/Frameworks/CoreServices.framework/Versions/A/Frameworks/CarbonCore.framework/Versions/A/CarbonCore
0x00007fff3013f000 	/System/Library/Frameworks/CoreServices.framework/Versions/A/Frameworks/Metadata.framework/Versions/A/Metadata
0x00007fff301d8000 	/System/Library/Frameworks/CoreServices.framework/Versions/A/Frameworks/OSServices.framework/Versions/A/OSServices
0x00007fff30206000 	/System/Library/Frameworks/CoreServices.framework/Versions/A/Frameworks/SearchKit.framework/Versions/A/SearchKit
0x00007fff2fb45000 	/System/Library/Frameworks/CoreServices.framework/Versions/A/Frameworks/AE.framework/Versions/A/AE
0x00007fff2ff04000 	/System/Library/Frameworks/CoreServices.framework/Versions/A/Frameworks/LaunchServices.framework/Versions/A/LaunchServices
0x00007fff2fead000 	/System/Library/Frameworks/CoreServices.framework/Versions/A/Frameworks/DictionaryServices.framework/Versions/A/DictionaryServices
0x00007fff3026e000 	/System/Library/Frameworks/CoreServices.framework/Versions/A/Frameworks/SharedFileList.framework/Versions/A/SharedFileList
0x00007fff350ff000 	/System/Library/Frameworks/NetFS.framework/Versions/A/NetFS
0x00007fff55c4f000 	/System/Library/PrivateFrameworks/NetAuth.framework/Versions/A/NetAuth
0x00007fff625d8000 	/System/Library/PrivateFrameworks/login.framework/Versions/A/Frameworks/loginsupport.framework/Versions/A/loginsupport
0x00007fff5eee5000 	/System/Library/PrivateFrameworks/TCC.framework/Versions/A/TCC
0x00007fff46b4f000 	/System/Library/PrivateFrameworks/CoreNLP.framework/Versions/A/CoreNLP
0x00007fff5514c000 	/System/Library/PrivateFrameworks/MetadataUtilities.framework/Versions/A/MetadataUtilities
0x00007fff668b0000 	/usr/lib/libmecabra.dylib
0x00007fff66808000 	/usr/lib/libmecab.dylib
0x00007fff66464000 	/usr/lib/libgermantok.dylib
0x00007fff65729000 	/usr/lib/libThaiTokenizer.dylib
0x00007fff6512f000 	/usr/lib/libChineseTokenizer.dylib
0x00007fff2a3fb000 	/System/Library/Frameworks/Accelerate.framework/Versions/A/Frameworks/vImage.framework/Versions/A/vImage
0x00007fff2b865000 	/System/Library/Frameworks/Accelerate.framework/Versions/A/Frameworks/vecLib.framework/Versions/A/vecLib
0x00007fff2b7a2000 	/System/Library/Frameworks/Accelerate.framework/Versions/A/Frameworks/vecLib.framework/Versions/A/libvMisc.dylib
0x00007fff2b5ca000 	/System/Library/Frameworks/Accelerate.framework/Versions/A/Frameworks/vecLib.framework/Versions/A/libvDSP.dylib
0x00007fff2aa52000 	/System/Library/Frameworks/Accelerate.framework/Versions/A/Frameworks/vecLib.framework/Versions/A/libBLAS.dylib
0x00007fff2b18e000 	/System/Library/Frameworks/Accelerate.framework/Versions/A/Frameworks/vecLib.framework/Versions/A/libLAPACK.dylib
0x00007fff2b52a000 	/System/Library/Frameworks/Accelerate.framework/Versions/A/Frameworks/vecLib.framework/Versions/A/libLinearAlgebra.dylib
0x00007fff2b5b7000 	/System/Library/Frameworks/Accelerate.framework/Versions/A/Frameworks/vecLib.framework/Versions/A/libSparseBLAS.dylib
0x00007fff2b540000 	/System/Library/Frameworks/Accelerate.framework/Versions/A/Frameworks/vecLib.framework/Versions/A/libQuadrature.dylib
0x00007fff2acba000 	/System/Library/Frameworks/Accelerate.framework/Versions/A/Frameworks/vecLib.framework/Versions/A/libBNNS.dylib
0x00007fff2b546000 	/System/Library/Frameworks/Accelerate.framework/Versions/A/Frameworks/vecLib.framework/Versions/A/libSparse.dylib
0x00007fff53cc0000 	/System/Library/PrivateFrameworks/LanguageModeling.framework/Versions/A/LanguageModeling
0x00007fff464ff000 	/System/Library/PrivateFrameworks/CoreEmoji.framework/Versions/A/CoreEmoji
0x00007fff53dde000 	/System/Library/PrivateFrameworks/LinguisticData.framework/Versions/A/LinguisticData
0x00007fff53d8f000 	/System/Library/PrivateFrameworks/Lexicon.framework/Versions/A/Lexicon
0x00007fff659eb000 	/usr/lib/libcmph.dylib
0x00007fff37cee000 	/System/Library/Frameworks/OpenDirectory.framework/Versions/A/Frameworks/CFOpenDirectory.framework/Versions/A/CFOpenDirectory
0x00007fff37d0b000 	/System/Library/Frameworks/OpenDirectory.framework/Versions/A/OpenDirectory
0x00007fff4014e000 	/System/Library/PrivateFrameworks/APFS.framework/Versions/A/APFS
0x00007fff3b3fd000 	/System/Library/Frameworks/SecurityFoundation.framework/Versions/A/SecurityFoundation
0x00007fff67ab1000 	/usr/lib/libutil.dylib
0x00007fff47a34000 	/System/Library/PrivateFrameworks/CoreServicesStore.framework/Versions/A/CoreServicesStore
0x00007fff3b4b4000 	/System/Library/Frameworks/ServiceManagement.framework/Versions/A/ServiceManagement
0x00007fff436ee000 	/System/Library/PrivateFrameworks/BackgroundTaskManagement.framework/Versions/A/BackgroundTaskManagement
0x00007fff67bae000 	/usr/lib/libxslt.1.dylib
0x00007fff42591000 	/System/Library/PrivateFrameworks/AppleSystemInfo.framework/Versions/A/AppleSystemInfo
0x00007fff318a3000 	/System/Library/Frameworks/ImageIO.framework/Versions/A/Resources/libJPEG.dylib
0x00007fff31b62000 	/System/Library/Frameworks/ImageIO.framework/Versions/A/Resources/libTIFF.dylib
0x00007fff31b45000 	/System/Library/Frameworks/ImageIO.framework/Versions/A/Resources/libPng.dylib
0x00007fff317e5000 	/System/Library/Frameworks/ImageIO.framework/Versions/A/Resources/libGIF.dylib
0x00007fff317e9000 	/System/Library/Frameworks/ImageIO.framework/Versions/A/Resources/libJP2.dylib
0x00007fff31b60000 	/System/Library/Frameworks/ImageIO.framework/Versions/A/Resources/libRadiance.dylib
0x00007fff6642d000 	/usr/lib/libexpat.1.dylib
0x00007fff42079000 	/System/Library/PrivateFrameworks/AppleJPEG.framework/Versions/A/AppleJPEG
0x00007fff4ad34000 	/System/Library/PrivateFrameworks/FontServices.framework/libFontParser.dylib
0x00007fff615da000 	/System/Library/PrivateFrameworks/WatchdogClient.framework/Versions/A/WatchdogClient
0x00007fff5331b000 	/System/Library/PrivateFrameworks/IOAccelerator.framework/Versions/A/IOAccelerator
0x00007fff3406f000 	/System/Library/Frameworks/MetalPerformanceShaders.framework/Versions/A/MetalPerformanceShaders
0x00007fff4fab1000 	/System/Library/PrivateFrameworks/GPUWrangler.framework/Versions/A/GPUWrangler
0x00007fff53330000 	/System/Library/PrivateFrameworks/IOPresentment.framework/Versions/A/IOPresentment
0x00007fff485b4000 	/System/Library/PrivateFrameworks/DSExternalDisplay.framework/Versions/A/DSExternalDisplay
0x00007fff3867f000 	/System/Library/Frameworks/OpenGL.framework/Versions/A/Libraries/libCoreFSCache.dylib
0x00007fff33dbb000 	/System/Library/Frameworks/MetalPerformanceShaders.framework/Frameworks/MPSCore.framework/Versions/A/MPSCore
0x00007fff33df9000 	/System/Library/Frameworks/MetalPerformanceShaders.framework/Frameworks/MPSImage.framework/Versions/A/MPSImage
0x00007fff33ec0000 	/System/Library/Frameworks/MetalPerformanceShaders.framework/Frameworks/MPSNeuralNetwork.framework/Versions/A/MPSNeuralNetwork
0x00007fff33e84000 	/System/Library/Frameworks/MetalPerformanceShaders.framework/Frameworks/MPSMatrix.framework/Versions/A/MPSMatrix
0x00007fff3401f000 	/System/Library/Frameworks/MetalPerformanceShaders.framework/Frameworks/MPSRayIntersector.framework/Versions/A/MPSRayIntersector
0x00007fff33eaa000 	/System/Library/Frameworks/MetalPerformanceShaders.framework/Frameworks/MPSNDArray.framework/Versions/A/MPSNDArray
0x00007fff55199000 	/System/Library/PrivateFrameworks/MetalTools.framework/Versions/A/MetalTools
0x00007fff41328000 	/System/Library/PrivateFrameworks/AggregateDictionary.framework/Versions/A/AggregateDictionary
0x00007fff45f47000 	/System/Library/PrivateFrameworks/CoreAnalytics.framework/Versions/A/CoreAnalytics
0x00007fff424b0000 	/System/Library/PrivateFrameworks/AppleSauce.framework/Versions/A/AppleSauce
0x00007fff653eb000 	/usr/lib/libIOReport.dylib
0x00007fff3076f000 	/System/Library/Frameworks/CoreVideo.framework/Versions/A/CoreVideo
0x00007fff50f2a000 	/System/Library/PrivateFrameworks/GraphVisualizer.framework/Versions/A/GraphVisualizer
0x00007fff4a27a000 	/System/Library/PrivateFrameworks/FaceCore.framework/Versions/A/FaceCore
0x00007fff37c95000 	/System/Library/Frameworks/OpenCL.framework/Versions/A/OpenCL
0x00007fff6520d000 	/usr/lib/libFosl_dynamic.dylib
0x00007fff5666f000 	/System/Library/PrivateFrameworks/OTSVG.framework/Versions/A/OTSVG
0x00007fff2c924000 	/System/Library/Frameworks/ApplicationServices.framework/Versions/A/Frameworks/ATS.framework/Versions/A/Resources/libFontRegistry.dylib
0x00007fff4af05000 	/System/Library/PrivateFrameworks/FontServices.framework/libhvf.dylib
0x00007fff3868a000 	/System/Library/Frameworks/OpenGL.framework/Versions/A/Libraries/libGFXShared.dylib
0x00007fff38868000 	/System/Library/Frameworks/OpenGL.framework/Versions/A/Libraries/libGLU.dylib
0x00007fff38693000 	/System/Library/Frameworks/OpenGL.framework/Versions/A/Libraries/libGL.dylib
0x00007fff3869e000 	/System/Library/Frameworks/OpenGL.framework/Versions/A/Libraries/libGLImage.dylib
0x00007fff3867c000 	/System/Library/Frameworks/OpenGL.framework/Versions/A/Libraries/libCVMSPluginSupport.dylib
0x00007fff38685000 	/System/Library/Frameworks/OpenGL.framework/Versions/A/Libraries/libCoreVMClient.dylib
0x00007fff66e7f000 	/usr/lib/libncurses.5.4.dylib
0x00007fff2c820000 	/System/Library/Frameworks/ApplicationServices.framework/Versions/A/Frameworks/ATS.framework/Versions/A/ATS
0x00007fff2c9ed000 	/System/Library/Frameworks/ApplicationServices.framework/Versions/A/Frameworks/ColorSyncLegacy.framework/Versions/A/ColorSyncLegacy
0x00007fff2ca8b000 	/System/Library/Frameworks/ApplicationServices.framework/Versions/A/Frameworks/HIServices.framework/Versions/A/HIServices
0x00007fff2cae3000 	/System/Library/Frameworks/ApplicationServices.framework/Versions/A/Frameworks/LangAnalysis.framework/Versions/A/LangAnalysis
0x00007fff2caf2000 	/System/Library/Frameworks/ApplicationServices.framework/Versions/A/Frameworks/PrintCore.framework/Versions/A/PrintCore
0x00007fff2cb38000 	/System/Library/Frameworks/ApplicationServices.framework/Versions/A/Frameworks/QD.framework/Versions/A/QD
0x00007fff2cb43000 	/System/Library/Frameworks/ApplicationServices.framework/Versions/A/Frameworks/SpeechSynthesis.framework/Versions/A/SpeechSynthesis
0x00007fff2c9bd000 	/System/Library/Frameworks/ApplicationServices.framework/Versions/A/Frameworks/ATSUI.framework/Versions/A/ATSUI
0x00007fff662c3000 	/usr/lib/libcups.2.dylib
0x00007fff3310a000 	/System/Library/Frameworks/Kerberos.framework/Versions/A/Kerberos
0x00007fff3124b000 	/System/Library/Frameworks/GSS.framework/Versions/A/GSS
0x00007fff67602000 	/usr/lib/libresolv.9.dylib
0x00007fff510d7000 	/System/Library/PrivateFrameworks/Heimdal.framework/Versions/A/Heimdal
0x00007fff3311d000 	/System/Library/Frameworks/Kerberos.framework/Versions/A/Libraries/libHeimdalProxy.dylib
0x00007fff6646a000 	/usr/lib/libheimdal-asn1.dylib
0x00007fff453df000 	/System/Library/PrivateFrameworks/CommonAuth.framework/Versions/A/CommonAuth
0x00007fff4262e000 	/System/Library/PrivateFrameworks/AssertionServices.framework/Versions/A/AssertionServices
0x00007fff431d1000 	/System/Library/PrivateFrameworks/AudioToolboxCore.framework/Versions/A/AudioToolboxCore
0x00007fff62288000 	/System/Library/PrivateFrameworks/caulk.framework/Versions/A/caulk
0x00007fff4379a000 	/System/Library/PrivateFrameworks/BaseBoard.framework/Versions/A/BaseBoard
0x00007fff5a8d2000 	/System/Library/PrivateFrameworks/RunningBoardServices.framework/Versions/A/RunningBoardServices
0x00007fff578e3000 	/System/Library/PrivateFrameworks/PersistentConnection.framework/Versions/A/PersistentConnection
0x00007fff5a2cb000 	/System/Library/PrivateFrameworks/ProtocolBuffer.framework/Versions/A/ProtocolBuffer
0x00007fff45403000 	/System/Library/PrivateFrameworks/CommonUtilities.framework/Versions/A/CommonUtilities
0x00007fff43928000 	/System/Library/PrivateFrameworks/Bom.framework/Versions/A/Bom
0x00007fff650be000 	/usr/lib/libAudioToolboxUtility.dylib
0x00007fff436f8000 	/System/Library/PrivateFrameworks/Backup.framework/Versions/A/Backup
0x00007fff484d5000 	/System/Library/PrivateFrameworks/CrashReporterSupport.framework/Versions/A/CrashReporterSupport
0x00007fff5c364000 	/System/Library/PrivateFrameworks/Sharing.framework/Versions/A/Sharing
0x00007fff41c3c000 	/System/Library/PrivateFrameworks/Apple80211.framework/Versions/A/Apple80211
0x00007fff43415000 	/System/Library/PrivateFrameworks/AuthKit.framework/Versions/A/AuthKit
0x00007fff481e2000 	/System/Library/PrivateFrameworks/CoreUtils.framework/Versions/A/CoreUtils
0x00007fff307b4000 	/System/Library/Frameworks/CoreWLAN.framework/Versions/A/CoreWLAN
0x00007fff313d8000 	/System/Library/Frameworks/IOBluetooth.framework/Versions/A/IOBluetooth
0x00007fff5549e000 	/System/Library/PrivateFrameworks/MobileKeyBag.framework/Versions/A/MobileKeyBag
0x00007fff46fe7000 	/System/Library/PrivateFrameworks/CorePhoneNumbers.framework/Versions/A/CorePhoneNumbers
0x00007fff4202c000 	/System/Library/PrivateFrameworks/AppleIDAuthSupport.framework/Versions/A/AppleIDAuthSupport
0x00007fff3510c000 	/System/Library/Frameworks/Network.framework/Versions/A/Network
0x00007fff53b6c000 	/System/Library/PrivateFrameworks/KeychainCircle.framework/Versions/A/KeychainCircle
0x00007fff2e205000 	/System/Library/Frameworks/CoreBluetooth.framework/Versions/A/CoreBluetooth
0x00007fff5e3e3000 	/System/Library/PrivateFrameworks/SpeechRecognitionCore.framework/Versions/A/SpeechRecognitionCore
0x000000010459e000 	/Applications/SPSSStatistics.app/Contents/JRE/lib/jli/libjli.dylib
0x00007fff47a00000 	/System/Library/PrivateFrameworks/CoreServicesInternal.framework/Versions/A/CoreServicesInternal
0x0000000104e80000 	/Applications/SPSSStatistics.app/Contents/JRE/lib/server/libjvm.dylib
0x00000001045b7000 	/Applications/SPSSStatistics.app/Contents/JRE/lib/libverify.dylib
0x00000001045c5000 	/Applications/SPSSStatistics.app/Contents/JRE/lib/libjava.dylib
0x0000000105e7c000 	/Applications/SPSSStatistics.app/Contents/JRE/lib/libzip.dylib
0x000000010c63c000 	/Applications/SPSSStatistics.app/Contents/lib/libspssenvp.dylib
0x000000010c640000 	/Applications/SPSSStatistics.app/Contents/lib/libplatdep.dylib
0x000000010c68b000 	/Applications/SPSSStatistics.app/Contents/lib/libsockbsd.dylib
0x000000010c697000 	/Applications/SPSSStatistics.app/Contents/lib/libsfthread.dylib
0x000000010c6a6000 	/Applications/SPSSStatistics.app/Contents/lib/libvserial.dylib
0x000000010c6bc000 	/Applications/SPSSStatistics.app/Contents/lib/libvutility.dylib
0x000000010c6c4000 	/Applications/SPSSStatistics.app/Contents/lib/libicuuc.51.2.dylib
0x000000010c89e000 	/Applications/SPSSStatistics.app/Contents/lib/libicui18n.51.2.dylib
0x000000010cb6e000 	/Applications/SPSSStatistics.app/Contents/lib/libifcoremt.dylib
0x000000010cce4000 	/Applications/SPSSStatistics.app/Contents/lib/libimf.dylib
0x000000010d001000 	/Applications/SPSSStatistics.app/Contents/lib/libsvml.dylib
0x000000010daf7000 	/Applications/SPSSStatistics.app/Contents/lib/libintlc.dylib
0x000000010db42000 	/Applications/SPSSStatistics.app/Contents/lib/libxerces-c-3.1.dylib
0x000000010df1b000 	/Applications/SPSSStatistics.app/Contents/lib/libicudata.51.2.dylib
0x000000010f467000 	/Applications/SPSSStatistics.app/Contents/JRE/lib/libmanagement.dylib
0x000000010f475000 	/Applications/SPSSStatistics.app/Contents/JRE/lib/libnet.dylib
0x000000010fd09000 	/Applications/SPSSStatistics.app/Contents/JRE/lib/libosx.dylib
0x000000010fd17000 	/Applications/SPSSStatistics.app/Contents/JRE/lib/libosxapp.dylib
0x00007fff330f4000 	/System/Library/Frameworks/JavaVM.framework/Versions/A/Frameworks/JavaNativeFoundation.framework/Versions/A/JavaNativeFoundation
0x00007fff330fd000 	/System/Library/Frameworks/JavaVM.framework/Versions/A/Frameworks/JavaRuntimeSupport.framework/Versions/A/JavaRuntimeSupport
0x00007fff2d3d6000 	/System/Library/Frameworks/Carbon.framework/Versions/A/Carbon
0x00007fff30cb4000 	/System/Library/Frameworks/ExceptionHandling.framework/Versions/A/ExceptionHandling
0x00007fff2d3d7000 	/System/Library/Frameworks/Carbon.framework/Versions/A/Frameworks/CommonPanels.framework/Versions/A/CommonPanels
0x00007fff2d6d0000 	/System/Library/Frameworks/Carbon.framework/Versions/A/Frameworks/Help.framework/Versions/A/Help
0x00007fff2d6d4000 	/System/Library/Frameworks/Carbon.framework/Versions/A/Frameworks/ImageCapture.framework/Versions/A/ImageCapture
0x00007fff2d6db000 	/System/Library/Frameworks/Carbon.framework/Versions/A/Frameworks/OpenScripting.framework/Versions/A/OpenScripting
0x00007fff2d6da000 	/System/Library/Frameworks/Carbon.framework/Versions/A/Frameworks/Ink.framework/Versions/A/Ink
0x00007fff2d716000 	/System/Library/Frameworks/Carbon.framework/Versions/A/Frameworks/Print.framework/Versions/A/Print
0x00007fff2d717000 	/System/Library/Frameworks/Carbon.framework/Versions/A/Frameworks/SecurityHI.framework/Versions/A/SecurityHI
0x00007fff33105000 	/System/Library/Frameworks/JavaVM.framework/Versions/A/JavaVM
0x00007fff53983000 	/System/Library/PrivateFrameworks/JavaLaunching.framework/Versions/A/JavaLaunching
0x00007fff47f87000 	/System/Library/PrivateFrameworks/CoreSymbolication.framework/Versions/A/CoreSymbolication
0x00007fff48709000 	/System/Library/PrivateFrameworks/DebugSymbols.framework/Versions/A/DebugSymbols
0x000000010fd33000 	/Applications/SPSSStatistics.app/Contents/JRE/lib/libawt.dylib
0x000000010fddd000 	/Applications/SPSSStatistics.app/Contents/JRE/lib/libmlib_image.dylib
0x000000010fea9000 	/Applications/SPSSStatistics.app/Contents/JRE/lib/libawt_lwawt.dylib
0x00007fff30cd3000 	/System/Library/Frameworks/FileProvider.framework/Versions/A/FileProvider
0x00007fff2b866000 	/System/Library/Frameworks/Accounts.framework/Versions/A/Accounts
0x00007fff4fdd6000 	/System/Library/PrivateFrameworks/GenerationalStorage.framework/Versions/A/GenerationalStorage
0x00007fff5ec25000 	/System/Library/PrivateFrameworks/SymptomDiagnosticReporter.framework/Versions/A/SymptomDiagnosticReporter
0x00007fff41740000 	/System/Library/PrivateFrameworks/AppContainer.framework/Versions/A/AppContainer
0x00007fff6761c000 	/usr/lib/libsandbox.1.dylib
0x00007fff6057e000 	/System/Library/PrivateFrameworks/UserManagement.framework/Versions/A/UserManagement
0x00007fff444e4000 	/System/Library/PrivateFrameworks/ChunkingLibrary.framework/Versions/A/ChunkingLibrary
0x00007fff417b2000 	/System/Library/PrivateFrameworks/AppSandbox.framework/Versions/A/AppSandbox
0x00007fff5c1ee000 	/System/Library/PrivateFrameworks/SecCodeWrapper.framework/Versions/A/SecCodeWrapper
0x00007fff654d3000 	/usr/lib/libMatch.1.dylib
0x00007fff2184e000 	/System/Library/CoreServices/RawCamera.bundle/Contents/MacOS/RawCamera
0x00007fff552c8000 	/System/Library/PrivateFrameworks/MobileAsset.framework/Versions/A/MobileAsset
0x00007fff5eacd000 	/System/Library/PrivateFrameworks/StreamingZip.framework/Versions/A/StreamingZip
0x00007fff33585000 	/System/Library/Frameworks/MediaToolbox.framework/Versions/A/MediaToolbox
0x00007fff45ef7000 	/System/Library/PrivateFrameworks/CoreAVCHD.framework/Versions/A/CoreAVCHD
0x00007fff334af000 	/System/Library/Frameworks/MediaAccessibility.framework/Versions/A/MediaAccessibility
0x00007fff5467c000 	/System/Library/PrivateFrameworks/Mangrove.framework/Versions/A/Mangrove
0x00007fff2f97c000 	/System/Library/Frameworks/CoreMedia.framework/Versions/A/CoreMedia
0x00007fff548e8000 	/System/Library/PrivateFrameworks/MediaExperience.framework/Versions/A/MediaExperience
0x00007fff3c45e000 	/System/Library/Frameworks/VideoToolbox.framework/Versions/A/VideoToolbox
0x00007fff45b21000 	/System/Library/PrivateFrameworks/CoreAUC.framework/Versions/A/CoreAUC
0x00007fff67674000 	/usr/lib/libspindump.dylib
0x00007fff42b80000 	/System/Library/PrivateFrameworks/AudioResourceArbitration.framework/Versions/A/AudioResourceArbitration
0x00007fff42595000 	/System/Library/PrivateFrameworks/AppleVA.framework/Versions/A/AppleVA
0x00007fff2a3e4000 	/System/Library/Frameworks/Accelerate.framework/Versions/A/Frameworks/vImage.framework/Versions/A/Libraries/libCGInterfaces.dylib
0x00000001112bb000 	/usr/lib/libobjc-trampolines.dylib
0x00007fff4ae6c000 	/System/Library/PrivateFrameworks/FontServices.framework/libTrueTypeScaler.dylib
0x00007fff2715c000 	/System/Library/Extensions/AppleIntelKBLGraphicsMTLDriver.bundle/Contents/MacOS/AppleIntelKBLGraphicsMTLDriver
0x00007fff4e3f6000 	/System/Library/PrivateFrameworks/GPUCompiler.framework/Versions/3902/Libraries/libmetal_timestamp.dylib
0x00007fff4a6a4000 	/System/Library/PrivateFrameworks/FamilyControls.framework/Versions/A/FamilyControls
0x00007fff453d3000 	/System/Library/PrivateFrameworks/CommerceKit.framework/Versions/A/Frameworks/CommerceCore.framework/Versions/A/CommerceCore
0x00007fff5ec9f000 	/System/Library/PrivateFrameworks/SystemAdministration.framework/Versions/A/SystemAdministration
0x00007fff48c31000 	/System/Library/PrivateFrameworks/DiskManagement.framework/Versions/A/DiskManagement
0x00007fff309fd000 	/System/Library/Frameworks/DirectoryService.framework/Versions/A/DirectoryService
0x00007fff48b68000 	/System/Library/PrivateFrameworks/DiskImages.framework/Versions/A/DiskImages
0x00007fff53e87000 	/System/Library/PrivateFrameworks/LoginUIKit.framework/Versions/A/Frameworks/LoginUICore.framework/Versions/A/LoginUICore
0x00007fff6513a000 	/usr/lib/libCoreStorage.dylib
0x00007fff662b0000 	/usr/lib/libcsfde.dylib
0x00007fff6752f000 	/usr/lib/libodfde.dylib
0x00007fff54973000 	/System/Library/PrivateFrameworks/MediaKit.framework/Versions/A/MediaKit
0x00007fff30a09000 	/System/Library/Frameworks/DiscRecording.framework/Versions/A/DiscRecording
0x00007fff48de7000 	/System/Library/PrivateFrameworks/EFILogin.framework/Versions/A/EFILogin
0x00007fff5a270000 	/System/Library/PrivateFrameworks/ProtectedCloudStorage.framework/Versions/A/ProtectedCloudStorage
0x00007fff66324000 	/usr/lib/libcurl.4.dylib
0x00007fff661a9000 	/usr/lib/libcrypto.44.dylib
0x00007fff67954000 	/usr/lib/libssl.46.dylib
0x00007fff3311e000 	/System/Library/Frameworks/LDAP.framework/Versions/A/LDAP
0x00007fff5f677000 	/System/Library/PrivateFrameworks/TrustEvaluationAgent.framework/Versions/A/TrustEvaluationAgent
0x00007fff67661000 	/usr/lib/libsasl2.2.dylib
0x00007fff46273000 	/System/Library/PrivateFrameworks/CoreDaemon.framework/Versions/B/CoreDaemon
0x00007fff424ab000 	/System/Library/PrivateFrameworks/AppleSRP.framework/Versions/A/AppleSRP
0x00007fff6134a000 	/System/Library/PrivateFrameworks/ViewBridge.framework/Versions/A/ViewBridge
0x0000000111a9c000 	/Applications/SPSSStatistics.app/Contents/JRE/lib/libnio.dylib
0x00000001124d8000 	/Applications/SPSSStatistics.app/Contents/JRE/lib/libfontmanager.dylib
0x00007fff392f0000 	/System/Library/Frameworks/OpenGL.framework/Versions/A/Resources/GLEngine.bundle/GLEngine
0x00007fff386d3000 	/System/Library/Frameworks/OpenGL.framework/Versions/A/Libraries/libGLProgrammability.dylib
0x00007fff26154000 	/System/Library/Extensions/AppleIntelKBLGraphicsGLDriver.bundle/Contents/MacOS/AppleIntelKBLGraphicsGLDriver
0x00007fff4faa5000 	/System/Library/PrivateFrameworks/GPUSupport.framework/Versions/A/Libraries/libGPUSupportMercury.dylib
0x00007fff3946a000 	/System/Library/Frameworks/OpenGL.framework/Versions/A/Resources/GLRendererFloat.bundle/GLRendererFloat
0x00007fff37c8c000 	/System/Library/Frameworks/OpenCL.framework/Versions/A/Libraries/libcldcpuengine.dylib
0x00007fff625db000 	/System/Library/PrivateFrameworks/login.framework/Versions/A/login
0x00000001911d8000 	/Applications/SPSSStatistics.app/Contents/JRE/lib/libosxui.dylib
0x00000001913e1000 	/Applications/SPSSStatistics.app/Contents/lib/libspssstat.dylib
0x000000019163d000 	/Applications/SPSSStatistics.app/Contents/Library/Frameworks/Sentinel.framework/Versions/A/Sentinel
0x0000000191645000 	/Applications/SPSSStatistics.app/Contents/Library/Frameworks/SuperPro.framework/Versions/A/SuperPro
0x00007fff50f56000 	/System/Library/PrivateFrameworks/HDRProcessing.framework/Versions/A/HDRProcessing
0x0000000195566000 	/Applications/SPSSStatistics.app/Contents/lib/libjniviewer.dylib
0x0000000195603000 	/Applications/SPSSStatistics.app/Contents/lib/libtempdir.dylib
0x0000000195622000 	/Applications/SPSSStatistics.app/Contents/lib/libomfactry.dylib
0x00000001956c8000 	/Applications/SPSSStatistics.app/Contents/lib/libomcell.dylib
0x00000001956eb000 	/Applications/SPSSStatistics.app/Contents/lib/libomtree.dylib
0x0000000195726000 	/Applications/SPSSStatistics.app/Contents/lib/libspssjni.dylib
0x000000019572d000 	/Applications/SPSSStatistics.app/Contents/lib/libspssjvm.dylib
0x000000019573a000 	/Applications/SPSSStatistics.app/Contents/lib/libspsswmsg.dylib
0x0000000195762000 	/Applications/SPSSStatistics.app/Contents/lib/libstrtable.dylib
0x0000000195772000 	/Applications/SPSSStatistics.app/Contents/lib/libspsswlib.dylib
0x0000000197b46000 	/Applications/SPSSStatistics.app/Contents/lib/libspssiocv.dylib
0x0000000197b7b000 	/Applications/SPSSStatistics.app/Contents/lib/libgsk8iccs.dylib
0x0000000197bfe000 	/Applications/SPSSStatistics.app/Contents/lib/libdatasrc.dylib
0x0000000197ca2000 	/Applications/SPSSStatistics.app/Contents/lib/libsvrerrs.dylib
0x0000000197caa000 	/Applications/SPSSStatistics.app/Contents/lib/libspsspool.dylib
0x0000000197ce4000 	/Applications/SPSSStatistics.app/Contents/lib/libmccomsps.dylib
0x0000000197de7000 	/Applications/SPSSStatistics.app/Contents/lib/libsvrdmgr.dylib
0x0000000197e08000 	/Applications/SPSSStatistics.app/Contents/lib/libmcbstsps.dylib
0x0000000197e10000 	/Applications/SPSSStatistics.app/Contents/lib/libzlib1211spss.dylib
0x0000000197e42000 	/Applications/SPSSStatistics.app/Contents/lib/libdatastr.dylib
0x0000000197e5e000 	/Applications/SPSSStatistics.app/Contents/lib/libstacrypt.dylib
0x0000000197e6b000 	/Applications/SPSSStatistics.app/Contents/lib/libspssmsgs.dylib
0x0000000197e70000 	/Applications/SPSSStatistics.app/Contents/lib/libcpuinfo.dylib
0x0000000197e73000 	/Applications/SPSSStatistics.app/Contents/lib/libspssdemg.dylib
0x0000000197ebb000 	/Applications/SPSSStatistics.app/Contents/lib/libreadonly.dylib
0x0000000197ebe000 	/Applications/SPSSStatistics.app/Contents/lib/libcmddata.dylib
0x0000000197ec3000 	/Applications/SPSSStatistics.app/Contents/lib/libcvtrans.dylib
0x0000000197f14000 	/Applications/SPSSStatistics.app/Contents/lib/libtmsutil.dylib
0x0000000197f19000 	/Applications/SPSSStatistics.app/Contents/lib/libvizchart.dylib
0x000000019813c000 	/Applications/SPSSStatistics.app/Contents/lib/libxalan-c.111.0.dylib
0x0000000198786000 	/Applications/SPSSStatistics.app/Contents/lib/libxalanMsg.111.0.dylib
0x0000000198793000 	/Applications/SPSSStatistics.app/Contents/lib/libindutil.dylib
0x000000019879f000 	/Applications/SPSSStatistics.app/Contents/lib/libcpputil.dylib
0x00000001987da000 	/Applications/SPSSStatistics.app/Contents/common/ext/bin/spss.common/libscorelib910r.dylib
0x00000001988d9000 	/Applications/SPSSStatistics.app/Contents/common/ext/bin/spss.common/libGeneralRegressionModel910r.dylib
0x000000019894d000 	/Applications/SPSSStatistics.app/Contents/common/ext/bin/spss.common/libdiscriminant-model910r.dylib
0x000000019896d000 	/Applications/SPSSStatistics.app/Contents/lib/libdedstore.dylib
0x0000000198988000 	/Applications/SPSSStatistics.app/Contents/lib/libfmsgs.dylib
0x00000001989be000 	/Applications/SPSSStatistics.app/Contents/lib/libnetcom.dylib
0x00000001989e6000 	/Applications/SPSSStatistics.app/Contents/lib/libfwutility.dylib
0x000000019b8aa000 	/Applications/SPSSStatistics.app/Contents/JRE/lib/libsunec.dylib
0x000000019c318000 	/Applications/SPSSStatistics.app/Contents/JRE/lib/libdcpr.dylib
0x00007fff5c4e4000 	/System/Library/PrivateFrameworks/Shortcut.framework/Versions/A/Shortcut
0x00007fff51b92000 	/System/Library/PrivateFrameworks/HelpData.framework/Versions/A/HelpData
0x00000001943d1000 	/Applications/SPSSStatistics.app/Contents/JRE/lib/libjpeg.dylib

VM Arguments:
jvm_args: -Djava.library.path=/Applications/SPSSStatistics.app/Contents/lib:/Applications/SPSSStatistics.app/Contents/bin -Xms32M -Xmx1536M -XX:NewRatio=2 -XX:NewSize=4M -Dspss.mac.ScreenDPI=72 -Dstatistics.home=/Applications/SPSSStatistics.app/Contents/bin -Djava.security.properties=/Applications/SPSSStatistics.app/Contents/bin/java.security -Dapplication.home=/Applications/SPSSStatistics.app/Contents/bin -Djava.library.path=/Applications/SPSSStatistics.app/Contents/bin:/Applications/SPSSStatistics.app/Contents/lib -Dmac_std_deployment.home=/Library/Application Support/IBM/SPSS/Statistics/26 -Dstd_deployment.home=/Applications/SPSSStatistics.app/Contents -Dcommon_deployment.home=/Applications/SPSSStatistics.app/Contents/common 
java_command: com.spss.java_client.core.common.Driver
java_class_path (initial): :/Applications/SPSSStatistics.app/Contents/bin/json4j-1.0.jar:/Applications/SPSSStatistics.app/Contents/bin/excelxlsx.jar:/Applications/SPSSStatistics.app/Contents/bin/ExViewerDialogDemo.jar:/Applications/SPSSStatistics.app/Contents/bin/javax.inject-2.2.0-b10.jar:/Applications/SPSSStatistics.app/Contents/bin/mail.jar:/Applications/SPSSStatistics.app/Contents/bin/InstallExtBundles.jar:/Applications/SPSSStatistics.app/Contents/bin/spssexcel.jar:/Applications/SPSSStatistics.app/Contents/bin/TreeEditor.jar:/Applications/SPSSStatistics.app/Contents/bin/RaveEditor.jar:/Applications/SPSSStatistics.app/Contents/bin/exacc.jar:/Applications/SPSSStatistics.app/Contents/bin/SPSSClientUIRes.jar:/Applications/SPSSStatistics.app/Contents/bin/pasw-cf-common.jar:/Applications/SPSSStatistics.app/Contents/bin/jersey-server-2.1.jar:/Applications/SPSSStatistics.app/Contents/bin/TreeModel.jar:/Applications/SPSSStatistics.app/Contents/bin/jersey-client-2.1.jar:/Applications/SPSSStatistics.app/Contents/bin/pythoncfg.jar:/Applications/SPSSStatistics.app/Contents/bin/easadapter.jar:/Applications/SPSSStatistics.app/Contents/bin/commons-lang.jar:/Applications/SPSSStatistics.app/Contents/bin/UC.jar:/Applications/SPSSStatistics.app/Contents/bin/commons-discovery-0.2.jar:/Applications/SPSSStatistics.app/Contents/bin/VizJsonConverter.jar:/Applications/SPSSStatistics.app/Contents/bin/SPSSCoreApi.jar:/Applications/SPSSStatistics.app/Contents/bin/ModelViewer.jar:/Applications/SPSSStatistics.app/Contents/bin/jersey-media-multipart-2.1.jar:/Applications/SPSSStatistics.app/Contents/bin/jai_codec.jar:/Applications/SPSSStatistics.app/Contents/bin/reflections-0.9.9.jar:/Applications/SPSSStatistics.app/Contents/bin/RaveEditorRes.jar:/Applications/SPSSStatistics.app/Contents/bin/jaguar_treemodel.jar:/Applications/SPSSStatistics.app/Contents/bin/SPSSSyntaxEditor.jar:/Applications/SPSSStatistics.app/Contents/bin/commons-lang3-3.2.1.jar:/Applications/SPSSStatistics.app/Contents/bin/
Launcher Type: SUN_STANDARD

Environment Variables:
PATH=/Applications/SPSSStatistics.app/Contents/MacOS/../bin:/usr/bin:/bin:/usr/sbin:/sbin
SHELL=/bin/zsh
DISPLAY=/private/tmp/com.apple.launchd.SaIldYuHH6/org.macosforge.xquartz:0
DYLD_LIBRARY_PATH=/Applications/SPSSStatistics.app/Contents/MacOS/../lib:/Applications/SPSSStatistics.app/Contents/MacOS/../common/ext/bin/spss.common:/Applications/SPSSStatistics.app/Contents/MacOS/../ext/bin/spss.common:/Applications/SPSSStatistics.app/Contents/MacOS/../lib:/Applications/SPSSStatistics.app/Contents/MacOS/../Library/Frameworks/Sentinel.framework:/Applications/SPSSStatistics.app/Contents/MacOS/../Library/Frameworks/SuperPro.framework:/Applications/SPSSStatistics.app/Contents/MacOS/../JRE/lib/jli

Signal Handlers:
SIGSEGV: [libjvm.dylib+0x5b5de9], sa_mask[0]=11111111011111110111111111111111, sa_flags=SA_ONSTACK|SA_RESTART|SA_SIGINFO
SIGBUS: [libjvm.dylib+0x5b5de9], sa_mask[0]=11111111011111110111111111111111, sa_flags=SA_RESTART|SA_SIGINFO
SIGFPE: [libjvm.dylib+0x48b6b0], sa_mask[0]=11111111011111110111111111111111, sa_flags=SA_RESTART|SA_SIGINFO
SIGPIPE: [libjvm.dylib+0x48b6b0], sa_mask[0]=11111111011111110111111111111111, sa_flags=SA_RESTART|SA_SIGINFO
SIGXFSZ: [libjvm.dylib+0x48b6b0], sa_mask[0]=11111111011111110111111111111111, sa_flags=SA_RESTART|SA_SIGINFO
SIGILL: [libjvm.dylib+0x48b6b0], sa_mask[0]=11111111011111110111111111111111, sa_flags=SA_RESTART|SA_SIGINFO
SIGUSR1: SIG_DFL, sa_mask[0]=00000000000000000000000000000000, sa_flags=none
SIGUSR2: [libjvm.dylib+0x48b1ce], sa_mask[0]=00000000000000000000000000000000, sa_flags=SA_RESTART|SA_SIGINFO
SIGHUP: [libjvm.dylib+0x489759], sa_mask[0]=11111111011111110111111111111111, sa_flags=SA_RESTART|SA_SIGINFO
SIGINT: [libjvm.dylib+0x489759], sa_mask[0]=11111111011111110111111111111111, sa_flags=SA_RESTART|SA_SIGINFO
SIGTERM: [libjvm.dylib+0x489759], sa_mask[0]=11111111011111110111111111111111, sa_flags=SA_RESTART|SA_SIGINFO
SIGQUIT: [libjvm.dylib+0x489759], sa_mask[0]=11111111011111110111111111111111, sa_flags=SA_RESTART|SA_SIGINFO


---------------  S Y S T E M  ---------------

OS:Bsduname:Darwin 19.6.0 Darwin Kernel Version 19.6.0: Mon Aug 31 22:12:52 PDT 2020; root:xnu-6153.141.2~1/RELEASE_X86_64 x86_64
rlimit: STACK 8192k, CORE 0k, NPROC 1392, NOFILE 10240, AS infinity
load average:50.17 17.65 8.50

CPU:total 4 (initial active 4) (2 cores per cpu, 2 threads per core) family 6 model 142 stepping 9, cmov, cx8, fxsr, mmx, sse, sse2, sse3, ssse3, sse4.1, sse4.2, popcnt, avx, avx2, aes, clmul, erms, 3dnowpref, lzcnt, ht, tsc, tscinvbit, bmi1, bmi2, adx

Memory: 4k page, physical 8388608k(64136k free)

/proc/meminfo:


vm_info: Java HotSpot(TM) 64-Bit Server VM (25.191-b12) for bsd-amd64 JRE (1.8.0_191-b12), built on Oct  6 2018 08:37:07 by "java_re" with gcc 4.2.1 (Based on Apple Inc. build 5658) (LLVM build 2336.11.00)

time: Mon Oct 19 12:57:18 2020
elapsed time: 135974 seconds (1d 13h 46m 14s)

