#
# A fatal error has been detected by the Java Runtime Environment:
#
#  SIGILL (0x4) at pc=0x00007fff688b263c, pid=9588, tid=0x0000000000000307
#
# JRE version: Java(TM) 2 Runtime Environment, Standard Edition (8.0_191-b12) (build 1.8.0_191-b12 26_Oct_2018_18_45 Mac OS X x64(SR5 FP25))
# Java VM: Java HotSpot(TM) 64-Bit Server VM (25.191-b12 mixed mode bsd-amd64 compressed oops)
# Problematic frame:
# C  [libsystem_platform.dylib+0x663c]  _os_unfair_lock_recursive_abort+0x17
#
# Failed to write core dump. Core dumps have been disabled. To enable core dumping, try "ulimit -c unlimited" before starting Java again
#
# If you would like to submit a bug report, please visit:
#   http://bugreport.java.com/bugreport/crash.jsp
# The crash happened outside the Java Virtual Machine in native code.
# See problematic frame for where to report the bug.
#

---------------  T H R E A D  ---------------

Current thread (0x00007ff6334e8800):  JavaThread "AppKit Thread" daemon [_thread_in_native, id=775, stack(0x00007ffee9f5d000,0x00007ffeea75d000)]

siginfo: si_signo: 4 (SIGILL), si_code: 1 (ILL_ILLOPC), si_addr: 0x00007fff688b263c

Registers:
RAX=0x0000000000000307, RBX=0x0000000001050002, RCX=0x00007fff688b2bfc, RDX=0x0000000000050001
RSP=0x00007ffeea750808, RBP=0x00007ffeea750840, RSI=0x0000000000000307, RDI=0x0000000000000307
R8 =0x0000000000000000, R9 =0x4022002002800001, R10=0x0000000000000001, R11=0x00007ff63ac85e20
R12=0x0000000000050000, R13=0x0000000000000307, R14=0x0000000000000000, R15=0x00000001054aea00
RIP=0x00007fff688b263c, EFLAGS=0x0000000000010202, ERR=0x0000000000000000
  TRAPNO=0x0000000000000006

Top of Stack: (sp=0x00007ffeea750808)
0x00007ffeea750808:   00007fff688ada23 0000000000000307
0x00007ffeea750818:   00000001054aea00 0000000000000000
0x00007ffeea750828:   0000000000000001 00000001054ac080
0x00007ffeea750838:   00000001054aea00 00007ffeea7508e0
0x00007ffeea750848:   00007fff6886f21c 702f72657474616d
0x00007ffeea750858:   f6b5400070001000 6f6479616c65ffff
0x00007ffeea750868:   0000000000000000 6e6f635f646c6f5f
0x00007ffeea750878:   0000000000000000 0000000000000000
0x00007ffeea750888:   534c2f617461642f 0000000000000000
0x00007ffeea750898:   0000000000000001 00000001054ac080
0x00007ffeea7508a8:   ffffffff00000000 0000000000000000
0x00007ffeea7508b8:   0000000000000007 0000000000000007
0x00007ffeea7508c8:   00007ff63718bfa0 0000000000000000
0x00007ffeea7508d8:   00000001054ab000 00007ffeea750910
0x00007ffeea7508e8:   00007fff6886e0c6 0000000000000007
0x00007ffeea7508f8:   e5e2a5188bf9969d 00007fff8efa0000
0x00007ffeea750908:   53a78e6692ce7782 00007ffeea750940
0x00007ffeea750918:   00007fff6886cd7a 0000000000000006
0x00007ffeea750928:   00007ffeea751d58 00007ff63718d7d8
0x00007ffeea750938:   53a78e6692ce7782 00007ffeea750960
0x00007ffeea750948:   00007fff6886ccf5 0000000000000006
0x00007ffeea750958:   00007ffeea751d58 00007ffeea750990
0x00007ffeea750968:   000000019268a21a e5e2a5188bf9969d
0x00007ffeea750978:   000000073718bfa0 00007ff63718d7d8
0x00007ffeea750988:   0000000000000000 00007ffeea7509f0
0x00007ffeea750998:   00000001925d7dde 00007ff633724e68
0x00007ffeea7509a8:   00007ffeea751300 00007ffeea7509f0
0x00007ffeea7509b8:   000000019267b2ce 00007ffeea751300
0x00007ffeea7509c8:   00007ffeea751300 00007ffeea751300
0x00007ffeea7509d8:   00007ffeea751300 0000257433724e6e
0x00007ffeea7509e8:   00007ff635241a60 00007ffeea751830
0x00007ffeea7509f8:   00000001925c5ecc 0000000000000000 

Instructions: (pc=0x00007fff688b263c)
0x00007fff688b261c:   48 89 05 85 04 6f 26 0f 0b 89 f8 48 8d 0d ce 05
0x00007fff688b262c:   00 00 48 89 0d 43 04 6f 26 48 89 05 6c 04 6f 26
0x00007fff688b263c:   0f 0b 89 f8 48 8d 0d 00 06 00 00 48 89 0d 2a 04
0x00007fff688b264c:   6f 26 48 89 05 53 04 6f 26 0f 0b 89 f8 48 8d 0d 

Register to memory mapping:

RAX=0x0000000000000307 is an unknown value
RBX=0x0000000001050002 is an unknown value
RCX=0x00007fff688b2bfc: _h+0x9c in /usr/lib/system/libsystem_platform.dylib at 0x00007fff688ac000
RDX=0x0000000000050001 is an unknown value
RSP=0x00007ffeea750808 is pointing into the stack for thread: 0x00007ff6334e8800
RBP=0x00007ffeea750840 is pointing into the stack for thread: 0x00007ff6334e8800
RSI=0x0000000000000307 is an unknown value
RDI=0x0000000000000307 is an unknown value
R8 =0x0000000000000000 is an unknown value
R9 =0x4022002002800001 is an unknown value
R10=0x0000000000000001 is an unknown value
R11=0x00007ff63ac85e20 is an unknown value
R12=0x0000000000050000 is an unknown value
R13=0x0000000000000307 is an unknown value
R14=0x0000000000000000 is an unknown value
R15=0x00000001054aea00 is an unknown value


Stack: [0x00007ffee9f5d000,0x00007ffeea75d000],  sp=0x00007ffeea750808,  free space=8142k
Native frames: (J=compiled Java code, j=interpreted, Vv=VM code, C=native code)
C  [libsystem_platform.dylib+0x663c]  _os_unfair_lock_recursive_abort+0x17
C  [libsystem_malloc.dylib+0x321c]  tiny_malloc_should_clear+0xa5
C  [libsystem_malloc.dylib+0x20c6]  szone_malloc_should_clear+0x42
C  [libsystem_malloc.dylib+0xd7a]  malloc_zone_malloc+0x68
C  [libsystem_malloc.dylib+0xcf5]  malloc+0x15
C  [libspssstat.dylib+0xde21a]  L8D83297FC252EC73y+0x1b
C  [libspssstat.dylib+0x2bdde]  WB23FCE726FE76343h+0x158
C  [libspssstat.dylib+0x19ecc]  Z19C2CE2BE61FB23Fl+0xc44
C  [libspssstat.dylib+0x7fd6e]  Y3225C174857D7D32i+0x74
C  [libspssstat.dylib+0xe1848]  KF4CCEAD3C1E3A34Fy+0x1c2
C  [libsystem_platform.dylib+0x35fd]  _sigtramp+0x1d
C  0x0000000000000043
C  [libsystem_malloc.dylib+0xdd1b]  tiny_free_detach_region+0x148
C  [libsystem_malloc.dylib+0x3426]  tiny_malloc_should_clear+0x2af
C  [libsystem_malloc.dylib+0x20c6]  szone_malloc_should_clear+0x42
C  [libsystem_malloc.dylib+0xd7a]  malloc_zone_malloc+0x68
C  [libsystem_malloc.dylib+0xcf5]  malloc+0x15
C  [libc++abi.dylib+0x11dea]  _Znwm+0x1a
C  [libJP2.dylib+0x52289]  _ZN11kdu_kernels20enlarge_work_buffersEi+0x4b
C  [libJP2.dylib+0x5357a]  _ZN11kdu_kernels14get_bibo_gainsEiiPbRdS1_+0x186
C  [libJP2.dylib+0x22804]  _ZN13kd_resolution29build_decomposition_structureEP10kdu_paramsR11kdu_kernels+0x59a
C  [libJP2.dylib+0x1f0d9]  _ZN7kd_tile10initializeEv+0x10cf
C  [libJP2.dylib+0x1901f]  _ZN13kd_codestream11create_tileE10kdu_coords+0x167
C  [libJP2.dylib+0x1c37a]  _ZN14kdu_codestream9open_tileE10kdu_coordsP14kdu_thread_env+0x120
C  [libJP2.dylib+0x55aea]  _ZN23kdu_region_decompressor9open_tileEi+0x5c
C  [libJP2.dylib+0x563e7]  _ZN23kdu_region_decompressor15process_genericEii10kdu_coordsiiiR8kdu_dimsS2_ib+0x71
C  [libJP2.dylib+0x589dc]  _ZN23kdu_region_decompressor7processEPi10kdu_coordsiiiiR8kdu_dimsS3_+0x1b2
C  [libJP2.dylib+0x42d85]  _ZN11kdrc_stream7processEiR8kdu_dimsRi+0x213
C  [libJP2.dylib+0x482bb]  _ZN21kdu_region_compositor7processEiR8kdu_dims+0x161
C  [libJP2.dylib+0x31e7b]  _cg_JP2DecompressBlock+0x12c
C  [ImageIO+0xeaaa5]  ___ZN13JP2ReadPlugin12DecodeBlocksEP12IIOImageReadP13GlobalJP2InfoRK14ReadPluginDataRK13JP2PluginDataRNSt3__16vectorI20IIODecodeFrameParamsNSA_9allocatorISC_EEEE_block_invoke+0x1a8
C  [libdispatch.dylib+0x268d]  _dispatch_client_callout2+0x8
C  [libdispatch.dylib+0x12cbc]  _dispatch_apply_serial+0x6c
C  [libdispatch.dylib+0x2658]  _dispatch_client_callout+0x8
C  [libdispatch.dylib+0x5feb]  _dispatch_sync_function_invoke+0x36
C  [libdispatch.dylib+0x12be4]  dispatch_apply_f+0x3a8
C  [ImageIO+0xea648]  _ZN13JP2ReadPlugin16CallDecodeBlocksEP12IIOImageReadP13GlobalJP2InfoRK14ReadPluginDataRK13JP2PluginData10IIORequestRNSt3__16vectorI20IIODecodeFrameParamsNSB_9allocatorISD_EEEE+0x35c
C  [ImageIO+0xe9697]  _ZN13JP2ReadPlugin17copyImageBlockSetEP7InfoRecP15CGImageProvider6CGRect6CGSizePK14__CFDictionary+0x8bb
C  [ImageIO+0x32b2a]  _ZN10IIO_Reader21CopyImageBlockSetProcEPvP15CGImageProvider6CGRect6CGSizePK14__CFDictionary+0x64
C  [ImageIO+0x31f09]  _ZN20IIOImageProviderInfo28CopyImageBlockSetWithOptionsEPvP15CGImageProvider6CGRect6CGSizePK14__CFDictionary+0x453
C  [CoreGraphics+0x43a54]  imageProvider_retain_data+0x4d
C  [CoreGraphics+0x439d0]  CGDataProviderRetainData+0x45
C  [CoreGraphics+0x439f3]  provider_for_destination_retain_data+0x11
C  [CoreGraphics+0x439d0]  CGDataProviderRetainData+0x45
C  [CoreGraphics+0x43886]  CGAccessSessionCreate+0x62
C  [CoreGraphics+0x41b36]  img_data_lock+0x9f6
C  [CoreGraphics+0x3d66d]  CGSImageDataLock+0x599
C  [CoreGraphics+0x3d096]  RIPImageDataInitializeShared+0xb1
C  [CoreGraphics+0x3cd53]  RIPImageCacheGetRetained+0x2d2
C  [CoreGraphics+0x3c831]  ripc_AcquireRIPImageData+0x181
C  [CoreGraphics+0x3b562]  ripc_DrawImage+0x4a3
C  [CoreGraphics+0x3a7c3]  CGContextDrawImageWithOptions+0x1c6
C  [AppKit+0x1c8ed2]  __74-[NSImageRep drawInRect:fromRect:operation:fraction:respectFlipped:hints:]_block_invoke+0x379
C  [AppKit+0x1c8a09]  -[NSImageRep drawInRect:fromRect:operation:fraction:respectFlipped:hints:]+0x3b2
C  [AppKit+0x675de2]  __71-[NSImage drawInRect:fromRect:operation:fraction:respectFlipped:hints:]_block_invoke.1341+0x2e1
C  [AppKit+0x19c4d5]  -[NSImage _usingBestRepresentationForRect:context:hints:body:]+0x91
C  [AppKit+0x1c83cc]  -[NSImage drawInRect:fromRect:operation:fraction:respectFlipped:hints:]+0x572
C  [AppKit+0x26d30f]  -[NSImage drawAtPoint:fromRect:operation:fraction:]+0xbf
C  [AppKit+0x31a3f1]  __45-[NSApplication _updateIconImageFromOriginal]_block_invoke+0x78
C  [AppKit+0x2d751]  +[NSAppearance _performWithCurrentAppearance:usingBlock:]+0x42
C  [AppKit+0x31a2d2]  -[NSApplication _updateIconImageFromOriginal]+0x148
C  [AppKit+0x4d5495]  -[NSApplication _updateDockTileImage]+0x25
C  [Foundation+0x34470]  NSKeyValueNotifyObserver+0x14f
C  [Foundation+0x12372c]  NSKeyValueDidChange+0x1b5
C  [Foundation+0x271bc]  -[NSObject(NSKeyValueObservingPrivate) _changeValueForKeys:count:maybeOldValuesDict:maybeNewValuesDict:usingBlock:]+0x2e5
C  [Foundation+0x51e65]  -[NSObject(NSKeyValueObservingPrivate) _changeValueForKey:key:key:usingBlock:]+0x44
C  [Foundation+0x6fe6f]  _NSSetObjectValueAndNotify+0x10d
C  [AppKit+0x6214d8]  -[NSSystemAppearanceProxy _systemAppearanceDidChange]+0x100
C  [AppKit+0x6216d4]  -[NSSystemAppearanceProxy _menuBarAppearanceChanged:]+0x1b
C  [CoreFoundation+0x7980f]  __CFNOTIFICATIONCENTER_IS_CALLING_OUT_TO_AN_OBSERVER__+0xc
C  [CoreFoundation+0x797a3]  ___CFXRegistrationPost1_block_invoke+0x3f
C  [CoreFoundation+0x79718]  _CFXRegistrationPost1+0x174
C  [CoreFoundation+0x79384]  ___CFXNotificationPost_block_invoke+0x50
C  [CoreFoundation+0x494fd]  -[_CFXNotificationRegistrar find:object:observer:enumerator:]+0x612
C  [CoreFoundation+0x489a9]  _CFXNotificationPost+0x547
C  [Foundation+0x9786]  -[NSNotificationCenter postNotificationName:object:userInfo:]+0x3b
C  [AppKit+0x9dde30]  -[NSWorkspaceNotificationCenter _menuBarDidChangeAppearance:]+0x8e
C  [CoreFoundation+0x7980f]  __CFNOTIFICATIONCENTER_IS_CALLING_OUT_TO_AN_OBSERVER__+0xc
C  [CoreFoundation+0x797a3]  ___CFXRegistrationPost1_block_invoke+0x3f
C  [CoreFoundation+0x79718]  _CFXRegistrationPost1+0x174
C  [CoreFoundation+0x79384]  ___CFXNotificationPost_block_invoke+0x50
C  [CoreFoundation+0x494fd]  -[_CFXNotificationRegistrar find:object:observer:enumerator:]+0x612
C  [CoreFoundation+0x489a9]  _CFXNotificationPost+0x547
C  [CoreFoundation+0x79885]  CFNotificationCenterPostNotificationWithOptions+0x6e
C  [SkyLight+0x1a9208]  post_coordinated_distributed_notification+0xcd
C  [SkyLight+0xbf8f]  CGSPostLocalNotification+0x1ae
C  [SkyLight+0xb9cc]  _ZN12_GLOBAL__N_123notify_datagram_handlerEj15CGSDatagramTypePvmS1_+0x62
C  [SkyLight+0xfba2]  _ZN21CGSDatagramReadStream33dispatch_next_main_queue_datagramEv+0xf2
C  [SkyLight+0x2408da]  ___ZN21CGSDatagramReadStream35dispatch_main_queue_datagrams_asyncEP16dispatch_queue_sPS__block_invoke+0x36
C  [libdispatch.dylib+0x16c4]  _dispatch_call_block_and_release+0xc
C  [libdispatch.dylib+0x2658]  _dispatch_client_callout+0x8
C  [libdispatch.dylib+0xdcab]  _dispatch_main_queue_callback_4CF+0x3a8
C  [CoreFoundation+0xc2e81]  __CFRUNLOOP_IS_SERVICING_THE_MAIN_DISPATCH_QUEUE__+0x9
C  [CoreFoundation+0x82c87]  __CFRunLoopRun+0x7ec
C  [CoreFoundation+0x81e3e]  CFRunLoopRunSpecific+0x1ce
C  [HIToolbox+0x2fabd]  RunCurrentEventLoopInMode+0x124
C  [HIToolbox+0x2f7d5]  ReceiveNextEventCommon+0x248
C  [HIToolbox+0x2f579]  _BlockUntilNextEventMatchingListInModeWithFilter+0x40
C  [AppKit+0x41039]  _DPSNextEvent+0x373
C  [AppKit+0x3f880]  -[NSApplication(NSEvent) _nextEventMatchingEventMask:untilDate:inMode:dequeue:]+0x548
...<more frames>...


---------------  P R O C E S S  ---------------

Java Threads: ( => current thread )
  0x00007ff63166a800 JavaThread "Thread-12" [_thread_blocked, id=66923, stack(0x000070000c34a000,0x000070000c44a000)]
  0x00007ff635b53800 JavaThread "TimerQueue" daemon [_thread_blocked, id=59167, stack(0x000070000c041000,0x000070000c141000)]
  0x00007ff630ad4800 JavaThread "MsgReceiverThread" [_thread_blocked, id=70403, stack(0x000070000be3b000,0x000070000bf3b000)]
  0x00007ff63132c000 JavaThread "DataWriteThread" [_thread_blocked, id=70915, stack(0x000070000bd38000,0x000070000be38000)]
  0x00007ff6300e8800 JavaThread "DataReadThread" [_thread_in_native, id=58379, stack(0x000070000bc35000,0x000070000bd35000)]
  0x00007ff633781800 JavaThread "Thread-5" [_thread_in_native, id=71683, stack(0x000070000bb32000,0x000070000bc32000)]
  0x00007ff62faa7000 JavaThread "Thread-4" [_thread_in_native, id=71939, stack(0x000070000ba2f000,0x000070000bb2f000)]
  0x00007ff630989000 JavaThread "process reaper" daemon [_thread_in_native, id=57895, stack(0x000070000ba04000,0x000070000ba2c000)]
  0x00007ff631719000 JavaThread "XML-RPC Weblistener" [_thread_in_native, id=72743, stack(0x000070000b901000,0x000070000ba01000)]
  0x00007ff6336de800 JavaThread "AWT-EventQueue-0" [_thread_blocked, id=54275, stack(0x000070000b6f8000,0x000070000b7f8000)]
  0x00007ff63483f000 JavaThread "Java2D Queue Flusher" daemon [_thread_blocked, id=51207, stack(0x000070000b4f2000,0x000070000b5f2000)]
  0x00007ff634863800 JavaThread "AWT-Shutdown" [_thread_blocked, id=77835, stack(0x000070000b3ef000,0x000070000b4ef000)]
  0x00007ff63171e800 JavaThread "Java2D Disposer" daemon [_thread_blocked, id=26667, stack(0x000070000b1e6000,0x000070000b2e6000)]
=>0x00007ff6334e8800 JavaThread "AppKit Thread" daemon [_thread_in_native, id=775, stack(0x00007ffee9f5d000,0x00007ffeea75d000)]
  0x00007ff630922800 JavaThread "Timer-0" daemon [_thread_blocked, id=16899, stack(0x000070000afdd000,0x000070000b0dd000)]
  0x00007ff6300c1800 JavaThread "Service Thread" daemon [_thread_blocked, id=17667, stack(0x000070000add7000,0x000070000aed7000)]
  0x00007ff6300ae800 JavaThread "C1 CompilerThread2" daemon [_thread_blocked, id=17923, stack(0x000070000acd4000,0x000070000add4000)]
  0x00007ff630090000 JavaThread "C2 CompilerThread1" daemon [_thread_blocked, id=14595, stack(0x000070000abd1000,0x000070000acd1000)]
  0x00007ff63008e000 JavaThread "C2 CompilerThread0" daemon [_thread_blocked, id=14083, stack(0x000070000aace000,0x000070000abce000)]
  0x00007ff63102f800 JavaThread "Signal Dispatcher" daemon [_thread_blocked, id=13827, stack(0x000070000a9cb000,0x000070000aacb000)]
  0x00007ff630079000 JavaThread "Finalizer" daemon [_thread_blocked, id=20483, stack(0x000070000a845000,0x000070000a945000)]
  0x00007ff630076000 JavaThread "Reference Handler" daemon [_thread_blocked, id=12035, stack(0x000070000a742000,0x000070000a842000)]
  0x00007ff630020800 JavaThread "main" [_thread_blocked, id=9987, stack(0x000070000a130000,0x000070000a230000)]

Other Threads:
  0x00007ff631025000 VMThread [stack: 0x000070000a63f000,0x000070000a73f000] [id=20995]
  0x00007ff6300a3800 WatcherThread [stack: 0x000070000aeda000,0x000070000afda000] [id=15107]

VM state:not at safepoint (normal execution)

VM Mutex/Monitor currently owned by a thread: None

Heap:
 PSYoungGen      total 187392K, used 73285K [0x00000007a0000000, 0x00000007ad600000, 0x00000007c0000000)
  eden space 162816K, 45% used [0x00000007a0000000,0x00000007a47915c8,0x00000007a9f00000)
  from space 24576K, 0% used [0x00000007abe00000,0x00000007abe00000,0x00000007ad600000)
  to   space 28160K, 0% used [0x00000007a9f00000,0x00000007a9f00000,0x00000007aba80000)
 ParOldGen       total 90112K, used 61157K [0x0000000760000000, 0x0000000765800000, 0x00000007a0000000)
  object space 90112K, 67% used [0x0000000760000000,0x0000000763bb9780,0x0000000765800000)
 Metaspace       used 50859K, capacity 51773K, committed 51888K, reserved 1093632K
  class space    used 7399K, capacity 7585K, committed 7600K, reserved 1048576K

Card table byte_map: [0x0000000107174000,0x0000000107475000] byte_map_base: 0x0000000103674000

Marking Bits: (ParMarkBitMap*) 0x00000001066f9e00
 Begin Bits: [0x0000000107675000, 0x0000000108e75000)
 End Bits:   [0x0000000108e75000, 0x000000010a675000)

Polling page: 0x0000000105597000

CodeCache: size=245760Kb used=29622Kb max_used=29845Kb free=216137Kb
 bounds [0x000000010aafa000, 0x000000010c87a000, 0x0000000119afa000]
 total_blobs=9501 nmethods=8704 adapters=708
 compilation: enabled

Compilation events (10 events):
Event: 30273.314 Thread 0x00007ff6300ae800 11313   !   3       com.spss.java_client.core.server.DataReadThread::readPacket (463 bytes)
Event: 30273.355 Thread 0x00007ff6300ae800 nmethod 11313 0x000000010b79c610 code [0x000000010b79cb20, 0x000000010b79fc68]
Event: 30273.472 Thread 0x00007ff6300ae800 11310       3       sun.nio.ch.Util$3::remove (11 bytes)
Event: 30273.472 Thread 0x00007ff6300ae800 nmethod 11310 0x000000010be7a650 code [0x000000010be7a7c0, 0x000000010be7a9e8]
Event: 31996.455 Thread 0x00007ff6300ae800 11316       1       com.spss.java_client.core.server.messages.BaseDataMsg::signature (3 bytes)
Event: 31996.706 Thread 0x00007ff6300ae800 nmethod 11316 0x000000010c58fb50 code [0x000000010c58fca0, 0x000000010c58fdb0]
Event: 32122.257 Thread 0x00007ff6300ae800 11317       1       com.spss.java_client.core.server.packages.UtilityPkg::getClientProxyHandle (3 bytes)
Event: 32122.422 Thread 0x00007ff6300ae800 nmethod 11317 0x000000010b959c10 code [0x000000010b959d60, 0x000000010b959e70]
Event: 32177.021 Thread 0x00007ff6300ae800 11318       1       com.spss.java_client.core.server.packages.FOpenPkg::getClientProxyHandle (2 bytes)
Event: 32177.029 Thread 0x00007ff6300ae800 nmethod 11318 0x000000010c2162d0 code [0x000000010c216420, 0x000000010c216530]

GC Heap History (10 events):
Event: 260.912 GC heap before
{Heap before GC invocations=26 (full 3):
 PSYoungGen      total 160256K, used 141824K [0x00000007a0000000, 0x00000007ab500000, 0x00000007c0000000)
  eden space 141824K, 100% used [0x00000007a0000000,0x00000007a8a80000,0x00000007a8a80000)
  from space 18432K, 0% used [0x00000007a9d80000,0x00000007a9d80000,0x00000007aaf80000)
  to   space 19456K, 0% used [0x00000007a8a80000,0x00000007a8a80000,0x00000007a9d80000)
 ParOldGen       total 69632K, used 46867K [0x0000000760000000, 0x0000000764400000, 0x00000007a0000000)
  object space 69632K, 67% used [0x0000000760000000,0x0000000762dc4ef8,0x0000000764400000)
 Metaspace       used 44458K, capacity 45307K, committed 45616K, reserved 1087488K
  class space    used 6465K, capacity 6640K, committed 6704K, reserved 1048576K
Event: 260.927 GC heap after
Heap after GC invocations=26 (full 3):
 PSYoungGen      total 161280K, used 15295K [0x00000007a0000000, 0x00000007ac500000, 0x00000007c0000000)
  eden space 141824K, 0% used [0x00000007a0000000,0x00000007a0000000,0x00000007a8a80000)
  from space 19456K, 78% used [0x00000007a8a80000,0x00000007a996fc90,0x00000007a9d80000)
  to   space 21504K, 0% used [0x00000007ab000000,0x00000007ab000000,0x00000007ac500000)
 ParOldGen       total 69632K, used 46875K [0x0000000760000000, 0x0000000764400000, 0x00000007a0000000)
  object space 69632K, 67% used [0x0000000760000000,0x0000000762dc6ef8,0x0000000764400000)
 Metaspace       used 44458K, capacity 45307K, committed 45616K, reserved 1087488K
  class space    used 6465K, capacity 6640K, committed 6704K, reserved 1048576K
}
Event: 411.624 GC heap before
{Heap before GC invocations=27 (full 3):
 PSYoungGen      total 161280K, used 157119K [0x00000007a0000000, 0x00000007ac500000, 0x00000007c0000000)
  eden space 141824K, 100% used [0x00000007a0000000,0x00000007a8a80000,0x00000007a8a80000)
  from space 19456K, 78% used [0x00000007a8a80000,0x00000007a996fc90,0x00000007a9d80000)
  to   space 21504K, 0% used [0x00000007ab000000,0x00000007ab000000,0x00000007ac500000)
 ParOldGen       total 69632K, used 46875K [0x0000000760000000, 0x0000000764400000, 0x00000007a0000000)
  object space 69632K, 67% used [0x0000000760000000,0x0000000762dc6ef8,0x0000000764400000)
 Metaspace       used 46417K, capacity 47355K, committed 47792K, reserved 1089536K
  class space    used 6770K, capacity 6974K, committed 7088K, reserved 1048576K
Event: 411.685 GC heap after
Heap after GC invocations=27 (full 3):
 PSYoungGen      total 176640K, used 20166K [0x00000007a0000000, 0x00000007ac900000, 0x00000007c0000000)
  eden space 155136K, 0% used [0x00000007a0000000,0x00000007a0000000,0x00000007a9780000)
  from space 21504K, 93% used [0x00000007ab000000,0x00000007ac3b1800,0x00000007ac500000)
  to   space 25088K, 0% used [0x00000007a9780000,0x00000007a9780000,0x00000007ab000000)
 ParOldGen       total 69632K, used 46883K [0x0000000760000000, 0x0000000764400000, 0x00000007a0000000)
  object space 69632K, 67% used [0x0000000760000000,0x0000000762dc8ef8,0x0000000764400000)
 Metaspace       used 46417K, capacity 47355K, committed 47792K, reserved 1089536K
  class space    used 6770K, capacity 6974K, committed 7088K, reserved 1048576K
}
Event: 427.249 GC heap before
{Heap before GC invocations=28 (full 3):
 PSYoungGen      total 176640K, used 175302K [0x00000007a0000000, 0x00000007ac900000, 0x00000007c0000000)
  eden space 155136K, 100% used [0x00000007a0000000,0x00000007a9780000,0x00000007a9780000)
  from space 21504K, 93% used [0x00000007ab000000,0x00000007ac3b1800,0x00000007ac500000)
  to   space 25088K, 0% used [0x00000007a9780000,0x00000007a9780000,0x00000007ab000000)
 ParOldGen       total 69632K, used 46883K [0x0000000760000000, 0x0000000764400000, 0x00000007a0000000)
  object space 69632K, 67% used [0x0000000760000000,0x0000000762dc8ef8,0x0000000764400000)
 Metaspace       used 50150K, capacity 51127K, committed 51376K, reserved 1093632K
  class space    used 7390K, capacity 7584K, committed 7600K, reserved 1048576K
Event: 427.306 GC heap after
Heap after GC invocations=28 (full 3):
 PSYoungGen      total 180224K, used 25063K [0x00000007a0000000, 0x00000007adb00000, 0x00000007c0000000)
  eden space 155136K, 0% used [0x00000007a0000000,0x00000007a0000000,0x00000007a9780000)
  from space 25088K, 99% used [0x00000007a9780000,0x00000007aaff9cd8,0x00000007ab000000)
  to   space 29696K, 0% used [0x00000007abe00000,0x00000007abe00000,0x00000007adb00000)
 ParOldGen       total 69632K, used 46899K [0x0000000760000000, 0x0000000764400000, 0x00000007a0000000)
  object space 69632K, 67% used [0x0000000760000000,0x0000000762dccef8,0x0000000764400000)
 Metaspace       used 50150K, capacity 51127K, committed 51376K, reserved 1093632K
  class space    used 7390K, capacity 7584K, committed 7600K, reserved 1048576K
}
Event: 460.423 GC heap before
{Heap before GC invocations=29 (full 3):
 PSYoungGen      total 180224K, used 180199K [0x00000007a0000000, 0x00000007adb00000, 0x00000007c0000000)
  eden space 155136K, 100% used [0x00000007a0000000,0x00000007a9780000,0x00000007a9780000)
  from space 25088K, 99% used [0x00000007a9780000,0x00000007aaff9cd8,0x00000007ab000000)
  to   space 29696K, 0% used [0x00000007abe00000,0x00000007abe00000,0x00000007adb00000)
 ParOldGen       total 69632K, used 46899K [0x0000000760000000, 0x0000000764400000, 0x00000007a0000000)
  object space 69632K, 67% used [0x0000000760000000,0x0000000762dccef8,0x0000000764400000)
 Metaspace       used 50552K, capacity 51511K, committed 51632K, reserved 1093632K
  class space    used 7394K, capacity 7584K, committed 7600K, reserved 1048576K
Event: 460.453 GC heap after
Heap after GC invocations=29 (full 3):
 PSYoungGen      total 187392K, used 11277K [0x00000007a0000000, 0x00000007ad600000, 0x00000007c0000000)
  eden space 162816K, 0% used [0x00000007a0000000,0x00000007a0000000,0x00000007a9f00000)
  from space 24576K, 45% used [0x00000007abe00000,0x00000007ac9036a0,0x00000007ad600000)
  to   space 28160K, 0% used [0x00000007a9f00000,0x00000007a9f00000,0x00000007aba80000)
 ParOldGen       total 69632K, used 57229K [0x0000000760000000, 0x0000000764400000, 0x00000007a0000000)
  object space 69632K, 82% used [0x0000000760000000,0x00000007637e3480,0x0000000764400000)
 Metaspace       used 50552K, capacity 51511K, committed 51632K, reserved 1093632K
  class space    used 7394K, capacity 7584K, committed 7600K, reserved 1048576K
}
Event: 460.453 GC heap before
{Heap before GC invocations=30 (full 4):
 PSYoungGen      total 187392K, used 11277K [0x00000007a0000000, 0x00000007ad600000, 0x00000007c0000000)
  eden space 162816K, 0% used [0x00000007a0000000,0x00000007a0000000,0x00000007a9f00000)
  from space 24576K, 45% used [0x00000007abe00000,0x00000007ac9036a0,0x00000007ad600000)
  to   space 28160K, 0% used [0x00000007a9f00000,0x00000007a9f00000,0x00000007aba80000)
 ParOldGen       total 69632K, used 57229K [0x0000000760000000, 0x0000000764400000, 0x00000007a0000000)
  object space 69632K, 82% used [0x0000000760000000,0x00000007637e3480,0x0000000764400000)
 Metaspace       used 50552K, capacity 51511K, committed 51632K, reserved 1093632K
  class space    used 7394K, capacity 7584K, committed 7600K, reserved 1048576K
Event: 460.658 GC heap after
Heap after GC invocations=30 (full 4):
 PSYoungGen      total 187392K, used 0K [0x00000007a0000000, 0x00000007ad600000, 0x00000007c0000000)
  eden space 162816K, 0% used [0x00000007a0000000,0x00000007a0000000,0x00000007a9f00000)
  from space 24576K, 0% used [0x00000007abe00000,0x00000007abe00000,0x00000007ad600000)
  to   space 28160K, 0% used [0x00000007a9f00000,0x00000007a9f00000,0x00000007aba80000)
 ParOldGen       total 90112K, used 61157K [0x0000000760000000, 0x0000000765800000, 0x00000007a0000000)
  object space 90112K, 67% used [0x0000000760000000,0x0000000763bb9780,0x0000000765800000)
 Metaspace       used 50552K, capacity 51511K, committed 51632K, reserved 1093632K
  class space    used 7394K, capacity 7584K, committed 7600K, reserved 1048576K
}

Deoptimization events (10 events):
Event: 579.418 Thread 0x00007ff6336de800 Uncommon trap: reason=bimorphic action=maybe_recompile pc=0x000000010c6eb8e0 method=javax.swing.text.GlyphPainter1.sync(Ljavax/swing/text/GlyphView;)V @ 1
Event: 579.418 Thread 0x00007ff6336de800 Uncommon trap: reason=bimorphic action=maybe_recompile pc=0x000000010b5c1ac0 method=javax.swing.text.LabelView.sync()V @ 8
Event: 579.418 Thread 0x00007ff6336de800 Uncommon trap: reason=bimorphic action=maybe_recompile pc=0x000000010c3e9ab4 method=javax.swing.text.ParagraphView$Row.getEndOffset()I @ 24
Event: 579.418 Thread 0x00007ff6336de800 Uncommon trap: reason=bimorphic action=maybe_recompile pc=0x000000010b150e4c method=javax.swing.text.GlyphView.getAlignment(I)F @ 10
Event: 579.418 Thread 0x00007ff6336de800 Uncommon trap: reason=bimorphic action=maybe_recompile pc=0x000000010c334ebc method=javax.swing.text.BoxView.updateChildSizes()V @ 40
Event: 579.425 Thread 0x00007ff6336de800 Uncommon trap: reason=class_check action=maybe_recompile pc=0x000000010b8216d4 method=java.awt.Component.addMouseListener(Ljava/awt/event/MouseListener;)V @ 26
Event: 604.098 Thread 0x00007ff6336de800 Uncommon trap: reason=unstable_if action=reinterpret pc=0x000000010c3f92c4 method=sun.java2d.pipe.RenderQueue.ensureCapacity(I)V @ 8
Event: 632.402 Thread 0x00007ff6336de800 Uncommon trap: reason=bimorphic action=maybe_recompile pc=0x000000010b5c1ac0 method=javax.swing.text.LabelView.sync()V @ 8
Event: 632.402 Thread 0x00007ff6336de800 Uncommon trap: reason=bimorphic action=maybe_recompile pc=0x000000010c3e9ab4 method=javax.swing.text.ParagraphView$Row.getEndOffset()I @ 24
Event: 632.411 Thread 0x00007ff6336de800 Uncommon trap: reason=class_check action=maybe_recompile pc=0x000000010b8216d4 method=java.awt.Component.addMouseListener(Ljava/awt/event/MouseListener;)V @ 26

Classes redefined (0 events):
No events

Internal exceptions (10 events):
Event: 32698.481 Thread 0x00007ff631719000 Exception <a 'java/net/SocketTimeoutException': Accept timed out> (0x00000007a4787238) thrown at [/Users/java_re/workspace/8-2-build-macosx-x86_64/jdk8u191/11896/hotspot/src/share/vm/prims/jni.cpp, line 735]
Event: 32702.578 Thread 0x00007ff631719000 Exception <a 'java/net/SocketTimeoutException': Accept timed out> (0x00000007a47875d0) thrown at [/Users/java_re/workspace/8-2-build-macosx-x86_64/jdk8u191/11896/hotspot/src/share/vm/prims/jni.cpp, line 735]
Event: 32708.228 Thread 0x00007ff631719000 Exception <a 'java/net/SocketTimeoutException': Accept timed out> (0x00000007a4787968) thrown at [/Users/java_re/workspace/8-2-build-macosx-x86_64/jdk8u191/11896/hotspot/src/share/vm/prims/jni.cpp, line 735]
Event: 32712.324 Thread 0x00007ff631719000 Exception <a 'java/net/SocketTimeoutException': Accept timed out> (0x00000007a4787d00) thrown at [/Users/java_re/workspace/8-2-build-macosx-x86_64/jdk8u191/11896/hotspot/src/share/vm/prims/jni.cpp, line 735]
Event: 32716.421 Thread 0x00007ff631719000 Exception <a 'java/net/SocketTimeoutException': Accept timed out> (0x00000007a4788098) thrown at [/Users/java_re/workspace/8-2-build-macosx-x86_64/jdk8u191/11896/hotspot/src/share/vm/prims/jni.cpp, line 735]
Event: 32724.117 Thread 0x00007ff631719000 Exception <a 'java/net/SocketTimeoutException': Accept timed out> (0x00000007a4788430) thrown at [/Users/java_re/workspace/8-2-build-macosx-x86_64/jdk8u191/11896/hotspot/src/share/vm/prims/jni.cpp, line 735]
Event: 32728.527 Thread 0x00007ff631719000 Exception <a 'java/net/SocketTimeoutException': Accept timed out> (0x00000007a47887c8) thrown at [/Users/java_re/workspace/8-2-build-macosx-x86_64/jdk8u191/11896/hotspot/src/share/vm/prims/jni.cpp, line 735]
Event: 32732.667 Thread 0x00007ff631719000 Exception <a 'java/net/SocketTimeoutException': Accept timed out> (0x00000007a4788b60) thrown at [/Users/java_re/workspace/8-2-build-macosx-x86_64/jdk8u191/11896/hotspot/src/share/vm/prims/jni.cpp, line 735]
Event: 32736.875 Thread 0x00007ff631719000 Exception <a 'java/net/SocketTimeoutException': Accept timed out> (0x00000007a4788ef8) thrown at [/Users/java_re/workspace/8-2-build-macosx-x86_64/jdk8u191/11896/hotspot/src/share/vm/prims/jni.cpp, line 735]
Event: 32740.974 Thread 0x00007ff631719000 Exception <a 'java/net/SocketTimeoutException': Accept timed out> (0x00000007a4789290) thrown at [/Users/java_re/workspace/8-2-build-macosx-x86_64/jdk8u191/11896/hotspot/src/share/vm/prims/jni.cpp, line 735]

Events (10 events):
Event: 30273.099 Thread 0x00007ff6300ae800 flushing nmethod 0x000000010b01f7d0
Event: 30273.307 Thread 0x00007ff6300ae800 flushing nmethod 0x000000010b1138d0
Event: 30273.312 Thread 0x00007ff6300ae800 flushing nmethod 0x000000010b119a50
Event: 30273.548 Thread 0x00007ff6300ae800 flushing nmethod 0x000000010b416a90
Event: 31997.160 Thread 0x00007ff6300ae800 flushing nmethod 0x000000010b464b50
Event: 31997.455 Thread 0x00007ff6300ae800 flushing nmethod 0x000000010b4cea10
Event: 31997.557 Thread 0x00007ff6300ae800 flushing nmethod 0x000000010b50e650
Event: 32122.946 Thread 0x00007ff6300ae800 flushing nmethod 0x000000010b596b90
Event: 32123.188 Thread 0x00007ff6300ae800 flushing nmethod 0x000000010b601790
Event: 32123.817 Thread 0x00007ff6300ae800 flushing nmethod 0x000000010b6d84d0


Dynamic libraries:
0x00007fff2d8ba000 	/System/Library/Frameworks/Cocoa.framework/Versions/A/Cocoa
0x00007fff67984000 	/usr/lib/libstdc++.6.dylib
0x00007fff6569b000 	/usr/lib/libSystem.B.dylib
0x00007fff674fb000 	/usr/lib/libobjc.A.dylib
0x00007fff2e75c000 	/System/Library/Frameworks/CoreFoundation.framework/Versions/A/CoreFoundation
0x00007fff30e19000 	/System/Library/Frameworks/Foundation.framework/Versions/C/Foundation
0x00007fff2ba0f000 	/System/Library/Frameworks/AppKit.framework/Versions/C/AppKit
0x00007fff2e23e000 	/System/Library/Frameworks/CoreData.framework/Versions/A/CoreData
0x00007fff5f6b0000 	/System/Library/PrivateFrameworks/UIFoundation.framework/Versions/A/UIFoundation
0x00007fff5a744000 	/System/Library/PrivateFrameworks/RemoteViewServices.framework/Versions/A/RemoteViewServices
0x00007fff6220b000 	/System/Library/PrivateFrameworks/XCTTargetBootstrap.framework/Versions/A/XCTTargetBootstrap
0x00007fff2e629000 	/System/Library/Frameworks/CoreDisplay.framework/Versions/A/CoreDisplay
0x00007fff33cd4000 	/System/Library/Frameworks/Metal.framework/Versions/A/Metal
0x00007fff48747000 	/System/Library/PrivateFrameworks/DesktopServicesPriv.framework/Versions/A/DesktopServicesPriv
0x00007fff667d6000 	/usr/lib/liblangid.dylib
0x00007fff479dc000 	/System/Library/PrivateFrameworks/CoreSVG.framework/Versions/A/CoreSVG
0x00007fff5d8a0000 	/System/Library/PrivateFrameworks/SkyLight.framework/Versions/A/SkyLight
0x00007fff2ebdd000 	/System/Library/Frameworks/CoreGraphics.framework/Versions/A/CoreGraphics
0x00007fff2a3e3000 	/System/Library/Frameworks/Accelerate.framework/Versions/A/Accelerate
0x00007fff67ac8000 	/usr/lib/libxml2.2.dylib
0x00007fff536cf000 	/System/Library/PrivateFrameworks/IconServices.framework/Versions/A/IconServices
0x00007fff315f8000 	/System/Library/Frameworks/IOSurface.framework/Versions/A/IOSurface
0x00007fff651c5000 	/usr/lib/libDiagnosticMessagesClient.dylib
0x00007fff67bd7000 	/usr/lib/libz.1.dylib
0x00007fff2c81f000 	/System/Library/Frameworks/ApplicationServices.framework/Versions/A/ApplicationServices
0x00007fff485a1000 	/System/Library/PrivateFrameworks/DFRFoundation.framework/Versions/A/DFRFoundation
0x00007fff66565000 	/usr/lib/libicucore.A.dylib
0x00007fff2cb51000 	/System/Library/Frameworks/AudioToolbox.framework/Versions/A/AudioToolbox
0x00007fff2cc34000 	/System/Library/Frameworks/AudioUnit.framework/Versions/A/AudioUnit
0x00007fff6589d000 	/usr/lib/libauto.dylib
0x00007fff48643000 	/System/Library/PrivateFrameworks/DataDetectorsCore.framework/Versions/A/DataDetectorsCore
0x00007fff2d3db000 	/System/Library/Frameworks/Carbon.framework/Versions/A/Frameworks/HIToolbox.framework/Versions/A/HIToolbox
0x00007fff3a2ad000 	/System/Library/Frameworks/QuartzCore.framework/Versions/A/QuartzCore
0x00007fff3b0b3000 	/System/Library/Frameworks/Security.framework/Versions/A/Security
0x00007fff2d71a000 	/System/Library/Frameworks/Carbon.framework/Versions/A/Frameworks/SpeechRecognition.framework/Versions/A/SpeechRecognition
0x00007fff480b5000 	/System/Library/PrivateFrameworks/CoreUI.framework/Versions/A/CoreUI
0x00007fff2dca9000 	/System/Library/Frameworks/CoreAudio.framework/Versions/A/CoreAudio
0x00007fff30ad8000 	/System/Library/Frameworks/DiskArbitration.framework/Versions/A/DiskArbitration
0x00007fff5571f000 	/System/Library/PrivateFrameworks/MultitouchSupport.framework/Versions/A/MultitouchSupport
0x00007fff6642c000 	/usr/lib/libenergytrace.dylib
0x00007fff31552000 	/System/Library/Frameworks/IOKit.framework/Versions/A/IOKit
0x00007fff2fb44000 	/System/Library/Frameworks/CoreServices.framework/Versions/A/CoreServices
0x00007fff578d7000 	/System/Library/PrivateFrameworks/PerformanceAnalysis.framework/Versions/A/PerformanceAnalysis
0x00007fff392e0000 	/System/Library/Frameworks/OpenGL.framework/Versions/A/OpenGL
0x00007fff2d8c8000 	/System/Library/Frameworks/ColorSync.framework/Versions/A/ColorSync
0x00007fff2f260000 	/System/Library/Frameworks/CoreImage.framework/Versions/A/CoreImage
0x00007fff305b7000 	/System/Library/Frameworks/CoreText.framework/Versions/A/CoreText
0x00007fff31688000 	/System/Library/Frameworks/ImageIO.framework/Versions/A/ImageIO
0x00007fff65981000 	/usr/lib/libc++.1.dylib
0x00007fff659fd000 	/usr/lib/libcompression.dylib
0x00007fff65509000 	/usr/lib/libMobileGestalt.dylib
0x00007fff5f41a000 	/System/Library/PrivateFrameworks/TextureIO.framework/Versions/A/TextureIO
0x00007fff65800000 	/usr/lib/libate.dylib
0x00007fff538d8000 	/System/Library/PrivateFrameworks/InternationalSupport.framework/Versions/A/InternationalSupport
0x00007fff68498000 	/usr/lib/system/libcache.dylib
0x00007fff6849e000 	/usr/lib/system/libcommonCrypto.dylib
0x00007fff684aa000 	/usr/lib/system/libcompiler_rt.dylib
0x00007fff684b2000 	/usr/lib/system/libcopyfile.dylib
0x00007fff684bc000 	/usr/lib/system/libcorecrypto.dylib
0x00007fff6865b000 	/usr/lib/system/libdispatch.dylib
0x00007fff6869c000 	/usr/lib/system/libdyld.dylib
0x00007fff686d3000 	/usr/lib/system/libkeymgr.dylib
0x00007fff686e1000 	/usr/lib/system/liblaunch.dylib
0x00007fff686e2000 	/usr/lib/system/libmacho.dylib
0x00007fff686e8000 	/usr/lib/system/libquarantine.dylib
0x00007fff686eb000 	/usr/lib/system/libremovefile.dylib
0x00007fff686ed000 	/usr/lib/system/libsystem_asl.dylib
0x00007fff68705000 	/usr/lib/system/libsystem_blocks.dylib
0x00007fff68706000 	/usr/lib/system/libsystem_c.dylib
0x00007fff6878e000 	/usr/lib/system/libsystem_configuration.dylib
0x00007fff68792000 	/usr/lib/system/libsystem_coreservices.dylib
0x00007fff68796000 	/usr/lib/system/libsystem_darwin.dylib
0x00007fff6879f000 	/usr/lib/system/libsystem_dnssd.dylib
0x00007fff687a7000 	/usr/lib/system/libsystem_featureflags.dylib
0x00007fff687a9000 	/usr/lib/system/libsystem_info.dylib
0x00007fff68824000 	/usr/lib/system/libsystem_m.dylib
0x00007fff6886c000 	/usr/lib/system/libsystem_malloc.dylib
0x00007fff68894000 	/usr/lib/system/libsystem_networkextension.dylib
0x00007fff688a2000 	/usr/lib/system/libsystem_notify.dylib
0x00007fff688c0000 	/usr/lib/system/libsystem_sandbox.dylib
0x00007fff688c5000 	/usr/lib/system/libsystem_secinit.dylib
0x00007fff687f7000 	/usr/lib/system/libsystem_kernel.dylib
0x00007fff688ac000 	/usr/lib/system/libsystem_platform.dylib
0x00007fff688b5000 	/usr/lib/system/libsystem_pthread.dylib
0x00007fff688c8000 	/usr/lib/system/libsystem_symptoms.dylib
0x00007fff688d0000 	/usr/lib/system/libsystem_trace.dylib
0x00007fff688e8000 	/usr/lib/system/libunwind.dylib
0x00007fff688ee000 	/usr/lib/system/libxpc.dylib
0x00007fff659d4000 	/usr/lib/libc++abi.dylib
0x00007fff667d8000 	/usr/lib/liblzma.5.dylib
0x00007fff66453000 	/usr/lib/libfakelink.dylib
0x00007fff6578d000 	/usr/lib/libarchive.2.dylib
0x00007fff3c164000 	/System/Library/Frameworks/SystemConfiguration.framework/Versions/A/SystemConfiguration
0x00007fff650f8000 	/usr/lib/libCRFSuite.dylib
0x00007fff2cfcb000 	/System/Library/Frameworks/CFNetwork.framework/Versions/A/CFNetwork
0x00007fff65963000 	/usr/lib/libbsm.0.dylib
0x00007fff686d4000 	/usr/lib/system/libkxld.dylib
0x00007fff41f1e000 	/System/Library/PrivateFrameworks/AppleFSCompression.framework/Versions/A/AppleFSCompression
0x00007fff65cee000 	/usr/lib/libcoretls.dylib
0x00007fff65d05000 	/usr/lib/libcoretls_cfhelpers.dylib
0x00007fff67541000 	/usr/lib/libpam.2.dylib
0x00007fff67676000 	/usr/lib/libsqlite3.dylib
0x00007fff67ab5000 	/usr/lib/libxar.1.dylib
0x00007fff65974000 	/usr/lib/libbz2.1.0.dylib
0x00007fff66474000 	/usr/lib/libiconv.2.dylib
0x00007fff659ea000 	/usr/lib/libcharset.1.dylib
0x00007fff66fde000 	/usr/lib/libnetwork.dylib
0x00007fff67548000 	/usr/lib/libpcap.A.dylib
0x00007fff65742000 	/usr/lib/libapple_nghttp2.dylib
0x00007fff2fefb000 	/System/Library/Frameworks/CoreServices.framework/Versions/A/Frameworks/FSEvents.framework/Versions/A/FSEvents
0x00007fff2fbcb000 	/System/Library/Frameworks/CoreServices.framework/Versions/A/Frameworks/CarbonCore.framework/Versions/A/CarbonCore
0x00007fff3013f000 	/System/Library/Frameworks/CoreServices.framework/Versions/A/Frameworks/Metadata.framework/Versions/A/Metadata
0x00007fff301d8000 	/System/Library/Frameworks/CoreServices.framework/Versions/A/Frameworks/OSServices.framework/Versions/A/OSServices
0x00007fff30206000 	/System/Library/Frameworks/CoreServices.framework/Versions/A/Frameworks/SearchKit.framework/Versions/A/SearchKit
0x00007fff2fb45000 	/System/Library/Frameworks/CoreServices.framework/Versions/A/Frameworks/AE.framework/Versions/A/AE
0x00007fff2ff04000 	/System/Library/Frameworks/CoreServices.framework/Versions/A/Frameworks/LaunchServices.framework/Versions/A/LaunchServices
0x00007fff2fead000 	/System/Library/Frameworks/CoreServices.framework/Versions/A/Frameworks/DictionaryServices.framework/Versions/A/DictionaryServices
0x00007fff3026e000 	/System/Library/Frameworks/CoreServices.framework/Versions/A/Frameworks/SharedFileList.framework/Versions/A/SharedFileList
0x00007fff350ff000 	/System/Library/Frameworks/NetFS.framework/Versions/A/NetFS
0x00007fff55c4f000 	/System/Library/PrivateFrameworks/NetAuth.framework/Versions/A/NetAuth
0x00007fff625d8000 	/System/Library/PrivateFrameworks/login.framework/Versions/A/Frameworks/loginsupport.framework/Versions/A/loginsupport
0x00007fff5eee5000 	/System/Library/PrivateFrameworks/TCC.framework/Versions/A/TCC
0x00007fff46b4f000 	/System/Library/PrivateFrameworks/CoreNLP.framework/Versions/A/CoreNLP
0x00007fff5514c000 	/System/Library/PrivateFrameworks/MetadataUtilities.framework/Versions/A/MetadataUtilities
0x00007fff668b0000 	/usr/lib/libmecabra.dylib
0x00007fff66808000 	/usr/lib/libmecab.dylib
0x00007fff66464000 	/usr/lib/libgermantok.dylib
0x00007fff65729000 	/usr/lib/libThaiTokenizer.dylib
0x00007fff6512f000 	/usr/lib/libChineseTokenizer.dylib
0x00007fff2a3fb000 	/System/Library/Frameworks/Accelerate.framework/Versions/A/Frameworks/vImage.framework/Versions/A/vImage
0x00007fff2b865000 	/System/Library/Frameworks/Accelerate.framework/Versions/A/Frameworks/vecLib.framework/Versions/A/vecLib
0x00007fff2b7a2000 	/System/Library/Frameworks/Accelerate.framework/Versions/A/Frameworks/vecLib.framework/Versions/A/libvMisc.dylib
0x00007fff2b5ca000 	/System/Library/Frameworks/Accelerate.framework/Versions/A/Frameworks/vecLib.framework/Versions/A/libvDSP.dylib
0x00007fff2aa52000 	/System/Library/Frameworks/Accelerate.framework/Versions/A/Frameworks/vecLib.framework/Versions/A/libBLAS.dylib
0x00007fff2b18e000 	/System/Library/Frameworks/Accelerate.framework/Versions/A/Frameworks/vecLib.framework/Versions/A/libLAPACK.dylib
0x00007fff2b52a000 	/System/Library/Frameworks/Accelerate.framework/Versions/A/Frameworks/vecLib.framework/Versions/A/libLinearAlgebra.dylib
0x00007fff2b5b7000 	/System/Library/Frameworks/Accelerate.framework/Versions/A/Frameworks/vecLib.framework/Versions/A/libSparseBLAS.dylib
0x00007fff2b540000 	/System/Library/Frameworks/Accelerate.framework/Versions/A/Frameworks/vecLib.framework/Versions/A/libQuadrature.dylib
0x00007fff2acba000 	/System/Library/Frameworks/Accelerate.framework/Versions/A/Frameworks/vecLib.framework/Versions/A/libBNNS.dylib
0x00007fff2b546000 	/System/Library/Frameworks/Accelerate.framework/Versions/A/Frameworks/vecLib.framework/Versions/A/libSparse.dylib
0x00007fff53cc0000 	/System/Library/PrivateFrameworks/LanguageModeling.framework/Versions/A/LanguageModeling
0x00007fff464ff000 	/System/Library/PrivateFrameworks/CoreEmoji.framework/Versions/A/CoreEmoji
0x00007fff53dde000 	/System/Library/PrivateFrameworks/LinguisticData.framework/Versions/A/LinguisticData
0x00007fff53d8f000 	/System/Library/PrivateFrameworks/Lexicon.framework/Versions/A/Lexicon
0x00007fff659eb000 	/usr/lib/libcmph.dylib
0x00007fff37cee000 	/System/Library/Frameworks/OpenDirectory.framework/Versions/A/Frameworks/CFOpenDirectory.framework/Versions/A/CFOpenDirectory
0x00007fff37d0b000 	/System/Library/Frameworks/OpenDirectory.framework/Versions/A/OpenDirectory
0x00007fff4014e000 	/System/Library/PrivateFrameworks/APFS.framework/Versions/A/APFS
0x00007fff3b3fd000 	/System/Library/Frameworks/SecurityFoundation.framework/Versions/A/SecurityFoundation
0x00007fff67ab1000 	/usr/lib/libutil.dylib
0x00007fff47a34000 	/System/Library/PrivateFrameworks/CoreServicesStore.framework/Versions/A/CoreServicesStore
0x00007fff3b4b4000 	/System/Library/Frameworks/ServiceManagement.framework/Versions/A/ServiceManagement
0x00007fff436ee000 	/System/Library/PrivateFrameworks/BackgroundTaskManagement.framework/Versions/A/BackgroundTaskManagement
0x00007fff67bae000 	/usr/lib/libxslt.1.dylib
0x00007fff42591000 	/System/Library/PrivateFrameworks/AppleSystemInfo.framework/Versions/A/AppleSystemInfo
0x00007fff318a3000 	/System/Library/Frameworks/ImageIO.framework/Versions/A/Resources/libJPEG.dylib
0x00007fff31b62000 	/System/Library/Frameworks/ImageIO.framework/Versions/A/Resources/libTIFF.dylib
0x00007fff31b45000 	/System/Library/Frameworks/ImageIO.framework/Versions/A/Resources/libPng.dylib
0x00007fff317e5000 	/System/Library/Frameworks/ImageIO.framework/Versions/A/Resources/libGIF.dylib
0x00007fff317e9000 	/System/Library/Frameworks/ImageIO.framework/Versions/A/Resources/libJP2.dylib
0x00007fff31b60000 	/System/Library/Frameworks/ImageIO.framework/Versions/A/Resources/libRadiance.dylib
0x00007fff6642d000 	/usr/lib/libexpat.1.dylib
0x00007fff42079000 	/System/Library/PrivateFrameworks/AppleJPEG.framework/Versions/A/AppleJPEG
0x00007fff4ad34000 	/System/Library/PrivateFrameworks/FontServices.framework/libFontParser.dylib
0x00007fff615da000 	/System/Library/PrivateFrameworks/WatchdogClient.framework/Versions/A/WatchdogClient
0x00007fff5331b000 	/System/Library/PrivateFrameworks/IOAccelerator.framework/Versions/A/IOAccelerator
0x00007fff3406f000 	/System/Library/Frameworks/MetalPerformanceShaders.framework/Versions/A/MetalPerformanceShaders
0x00007fff4fab1000 	/System/Library/PrivateFrameworks/GPUWrangler.framework/Versions/A/GPUWrangler
0x00007fff53330000 	/System/Library/PrivateFrameworks/IOPresentment.framework/Versions/A/IOPresentment
0x00007fff485b4000 	/System/Library/PrivateFrameworks/DSExternalDisplay.framework/Versions/A/DSExternalDisplay
0x00007fff3867f000 	/System/Library/Frameworks/OpenGL.framework/Versions/A/Libraries/libCoreFSCache.dylib
0x00007fff33dbb000 	/System/Library/Frameworks/MetalPerformanceShaders.framework/Frameworks/MPSCore.framework/Versions/A/MPSCore
0x00007fff33df9000 	/System/Library/Frameworks/MetalPerformanceShaders.framework/Frameworks/MPSImage.framework/Versions/A/MPSImage
0x00007fff33ec0000 	/System/Library/Frameworks/MetalPerformanceShaders.framework/Frameworks/MPSNeuralNetwork.framework/Versions/A/MPSNeuralNetwork
0x00007fff33e84000 	/System/Library/Frameworks/MetalPerformanceShaders.framework/Frameworks/MPSMatrix.framework/Versions/A/MPSMatrix
0x00007fff3401f000 	/System/Library/Frameworks/MetalPerformanceShaders.framework/Frameworks/MPSRayIntersector.framework/Versions/A/MPSRayIntersector
0x00007fff33eaa000 	/System/Library/Frameworks/MetalPerformanceShaders.framework/Frameworks/MPSNDArray.framework/Versions/A/MPSNDArray
0x00007fff55199000 	/System/Library/PrivateFrameworks/MetalTools.framework/Versions/A/MetalTools
0x00007fff41328000 	/System/Library/PrivateFrameworks/AggregateDictionary.framework/Versions/A/AggregateDictionary
0x00007fff45f47000 	/System/Library/PrivateFrameworks/CoreAnalytics.framework/Versions/A/CoreAnalytics
0x00007fff424b0000 	/System/Library/PrivateFrameworks/AppleSauce.framework/Versions/A/AppleSauce
0x00007fff653eb000 	/usr/lib/libIOReport.dylib
0x00007fff3076f000 	/System/Library/Frameworks/CoreVideo.framework/Versions/A/CoreVideo
0x00007fff50f2a000 	/System/Library/PrivateFrameworks/GraphVisualizer.framework/Versions/A/GraphVisualizer
0x00007fff4a27a000 	/System/Library/PrivateFrameworks/FaceCore.framework/Versions/A/FaceCore
0x00007fff37c95000 	/System/Library/Frameworks/OpenCL.framework/Versions/A/OpenCL
0x00007fff6520d000 	/usr/lib/libFosl_dynamic.dylib
0x00007fff5666f000 	/System/Library/PrivateFrameworks/OTSVG.framework/Versions/A/OTSVG
0x00007fff2c924000 	/System/Library/Frameworks/ApplicationServices.framework/Versions/A/Frameworks/ATS.framework/Versions/A/Resources/libFontRegistry.dylib
0x00007fff4af05000 	/System/Library/PrivateFrameworks/FontServices.framework/libhvf.dylib
0x00007fff3868a000 	/System/Library/Frameworks/OpenGL.framework/Versions/A/Libraries/libGFXShared.dylib
0x00007fff38868000 	/System/Library/Frameworks/OpenGL.framework/Versions/A/Libraries/libGLU.dylib
0x00007fff38693000 	/System/Library/Frameworks/OpenGL.framework/Versions/A/Libraries/libGL.dylib
0x00007fff3869e000 	/System/Library/Frameworks/OpenGL.framework/Versions/A/Libraries/libGLImage.dylib
0x00007fff3867c000 	/System/Library/Frameworks/OpenGL.framework/Versions/A/Libraries/libCVMSPluginSupport.dylib
0x00007fff38685000 	/System/Library/Frameworks/OpenGL.framework/Versions/A/Libraries/libCoreVMClient.dylib
0x00007fff66e7f000 	/usr/lib/libncurses.5.4.dylib
0x00007fff2c820000 	/System/Library/Frameworks/ApplicationServices.framework/Versions/A/Frameworks/ATS.framework/Versions/A/ATS
0x00007fff2c9ed000 	/System/Library/Frameworks/ApplicationServices.framework/Versions/A/Frameworks/ColorSyncLegacy.framework/Versions/A/ColorSyncLegacy
0x00007fff2ca8b000 	/System/Library/Frameworks/ApplicationServices.framework/Versions/A/Frameworks/HIServices.framework/Versions/A/HIServices
0x00007fff2cae3000 	/System/Library/Frameworks/ApplicationServices.framework/Versions/A/Frameworks/LangAnalysis.framework/Versions/A/LangAnalysis
0x00007fff2caf2000 	/System/Library/Frameworks/ApplicationServices.framework/Versions/A/Frameworks/PrintCore.framework/Versions/A/PrintCore
0x00007fff2cb38000 	/System/Library/Frameworks/ApplicationServices.framework/Versions/A/Frameworks/QD.framework/Versions/A/QD
0x00007fff2cb43000 	/System/Library/Frameworks/ApplicationServices.framework/Versions/A/Frameworks/SpeechSynthesis.framework/Versions/A/SpeechSynthesis
0x00007fff2c9bd000 	/System/Library/Frameworks/ApplicationServices.framework/Versions/A/Frameworks/ATSUI.framework/Versions/A/ATSUI
0x00007fff662c3000 	/usr/lib/libcups.2.dylib
0x00007fff3310a000 	/System/Library/Frameworks/Kerberos.framework/Versions/A/Kerberos
0x00007fff3124b000 	/System/Library/Frameworks/GSS.framework/Versions/A/GSS
0x00007fff67602000 	/usr/lib/libresolv.9.dylib
0x00007fff510d7000 	/System/Library/PrivateFrameworks/Heimdal.framework/Versions/A/Heimdal
0x00007fff3311d000 	/System/Library/Frameworks/Kerberos.framework/Versions/A/Libraries/libHeimdalProxy.dylib
0x00007fff6646a000 	/usr/lib/libheimdal-asn1.dylib
0x00007fff453df000 	/System/Library/PrivateFrameworks/CommonAuth.framework/Versions/A/CommonAuth
0x00007fff4262e000 	/System/Library/PrivateFrameworks/AssertionServices.framework/Versions/A/AssertionServices
0x00007fff431d1000 	/System/Library/PrivateFrameworks/AudioToolboxCore.framework/Versions/A/AudioToolboxCore
0x00007fff62288000 	/System/Library/PrivateFrameworks/caulk.framework/Versions/A/caulk
0x00007fff4379a000 	/System/Library/PrivateFrameworks/BaseBoard.framework/Versions/A/BaseBoard
0x00007fff5a8d2000 	/System/Library/PrivateFrameworks/RunningBoardServices.framework/Versions/A/RunningBoardServices
0x00007fff578e3000 	/System/Library/PrivateFrameworks/PersistentConnection.framework/Versions/A/PersistentConnection
0x00007fff5a2cb000 	/System/Library/PrivateFrameworks/ProtocolBuffer.framework/Versions/A/ProtocolBuffer
0x00007fff45403000 	/System/Library/PrivateFrameworks/CommonUtilities.framework/Versions/A/CommonUtilities
0x00007fff43928000 	/System/Library/PrivateFrameworks/Bom.framework/Versions/A/Bom
0x00007fff650be000 	/usr/lib/libAudioToolboxUtility.dylib
0x00007fff436f8000 	/System/Library/PrivateFrameworks/Backup.framework/Versions/A/Backup
0x00007fff484d5000 	/System/Library/PrivateFrameworks/CrashReporterSupport.framework/Versions/A/CrashReporterSupport
0x00007fff5c364000 	/System/Library/PrivateFrameworks/Sharing.framework/Versions/A/Sharing
0x00007fff41c3c000 	/System/Library/PrivateFrameworks/Apple80211.framework/Versions/A/Apple80211
0x00007fff43415000 	/System/Library/PrivateFrameworks/AuthKit.framework/Versions/A/AuthKit
0x00007fff481e2000 	/System/Library/PrivateFrameworks/CoreUtils.framework/Versions/A/CoreUtils
0x00007fff307b4000 	/System/Library/Frameworks/CoreWLAN.framework/Versions/A/CoreWLAN
0x00007fff313d8000 	/System/Library/Frameworks/IOBluetooth.framework/Versions/A/IOBluetooth
0x00007fff5549e000 	/System/Library/PrivateFrameworks/MobileKeyBag.framework/Versions/A/MobileKeyBag
0x00007fff46fe7000 	/System/Library/PrivateFrameworks/CorePhoneNumbers.framework/Versions/A/CorePhoneNumbers
0x00007fff4202c000 	/System/Library/PrivateFrameworks/AppleIDAuthSupport.framework/Versions/A/AppleIDAuthSupport
0x00007fff3510c000 	/System/Library/Frameworks/Network.framework/Versions/A/Network
0x00007fff53b6c000 	/System/Library/PrivateFrameworks/KeychainCircle.framework/Versions/A/KeychainCircle
0x00007fff2e205000 	/System/Library/Frameworks/CoreBluetooth.framework/Versions/A/CoreBluetooth
0x00007fff5e3e3000 	/System/Library/PrivateFrameworks/SpeechRecognitionCore.framework/Versions/A/SpeechRecognitionCore
0x00000001054ba000 	/Applications/SPSSStatistics.app/Contents/JRE/lib/jli/libjli.dylib
0x00007fff47a00000 	/System/Library/PrivateFrameworks/CoreServicesInternal.framework/Versions/A/CoreServicesInternal
0x0000000105e00000 	/Applications/SPSSStatistics.app/Contents/JRE/lib/server/libjvm.dylib
0x0000000105553000 	/Applications/SPSSStatistics.app/Contents/JRE/lib/libverify.dylib
0x0000000105561000 	/Applications/SPSSStatistics.app/Contents/JRE/lib/libjava.dylib
0x00000001055e1000 	/Applications/SPSSStatistics.app/Contents/JRE/lib/libzip.dylib
0x000000011c65d000 	/Applications/SPSSStatistics.app/Contents/lib/libspssenvp.dylib
0x000000011c661000 	/Applications/SPSSStatistics.app/Contents/lib/libplatdep.dylib
0x000000011c6ac000 	/Applications/SPSSStatistics.app/Contents/lib/libsockbsd.dylib
0x000000011c6b8000 	/Applications/SPSSStatistics.app/Contents/lib/libsfthread.dylib
0x000000011c6c7000 	/Applications/SPSSStatistics.app/Contents/lib/libvserial.dylib
0x000000011c6dd000 	/Applications/SPSSStatistics.app/Contents/lib/libvutility.dylib
0x000000011c6e5000 	/Applications/SPSSStatistics.app/Contents/lib/libicuuc.51.2.dylib
0x000000011c8bf000 	/Applications/SPSSStatistics.app/Contents/lib/libicui18n.51.2.dylib
0x000000011cb8f000 	/Applications/SPSSStatistics.app/Contents/lib/libifcoremt.dylib
0x000000011cd05000 	/Applications/SPSSStatistics.app/Contents/lib/libimf.dylib
0x000000011d022000 	/Applications/SPSSStatistics.app/Contents/lib/libsvml.dylib
0x000000011db18000 	/Applications/SPSSStatistics.app/Contents/lib/libintlc.dylib
0x000000011db63000 	/Applications/SPSSStatistics.app/Contents/lib/libxerces-c-3.1.dylib
0x000000011df3c000 	/Applications/SPSSStatistics.app/Contents/lib/libicudata.51.2.dylib
0x000000011f488000 	/Applications/SPSSStatistics.app/Contents/JRE/lib/libmanagement.dylib
0x000000011f496000 	/Applications/SPSSStatistics.app/Contents/JRE/lib/libnet.dylib
0x000000011fd2a000 	/Applications/SPSSStatistics.app/Contents/JRE/lib/libosx.dylib
0x000000011fd38000 	/Applications/SPSSStatistics.app/Contents/JRE/lib/libosxapp.dylib
0x00007fff330f4000 	/System/Library/Frameworks/JavaVM.framework/Versions/A/Frameworks/JavaNativeFoundation.framework/Versions/A/JavaNativeFoundation
0x00007fff330fd000 	/System/Library/Frameworks/JavaVM.framework/Versions/A/Frameworks/JavaRuntimeSupport.framework/Versions/A/JavaRuntimeSupport
0x00007fff2d3d6000 	/System/Library/Frameworks/Carbon.framework/Versions/A/Carbon
0x00007fff30cb4000 	/System/Library/Frameworks/ExceptionHandling.framework/Versions/A/ExceptionHandling
0x00007fff2d3d7000 	/System/Library/Frameworks/Carbon.framework/Versions/A/Frameworks/CommonPanels.framework/Versions/A/CommonPanels
0x00007fff2d6d0000 	/System/Library/Frameworks/Carbon.framework/Versions/A/Frameworks/Help.framework/Versions/A/Help
0x00007fff2d6d4000 	/System/Library/Frameworks/Carbon.framework/Versions/A/Frameworks/ImageCapture.framework/Versions/A/ImageCapture
0x00007fff2d6db000 	/System/Library/Frameworks/Carbon.framework/Versions/A/Frameworks/OpenScripting.framework/Versions/A/OpenScripting
0x00007fff2d6da000 	/System/Library/Frameworks/Carbon.framework/Versions/A/Frameworks/Ink.framework/Versions/A/Ink
0x00007fff2d716000 	/System/Library/Frameworks/Carbon.framework/Versions/A/Frameworks/Print.framework/Versions/A/Print
0x00007fff2d717000 	/System/Library/Frameworks/Carbon.framework/Versions/A/Frameworks/SecurityHI.framework/Versions/A/SecurityHI
0x00007fff33105000 	/System/Library/Frameworks/JavaVM.framework/Versions/A/JavaVM
0x00007fff53983000 	/System/Library/PrivateFrameworks/JavaLaunching.framework/Versions/A/JavaLaunching
0x00007fff47f87000 	/System/Library/PrivateFrameworks/CoreSymbolication.framework/Versions/A/CoreSymbolication
0x00007fff48709000 	/System/Library/PrivateFrameworks/DebugSymbols.framework/Versions/A/DebugSymbols
0x000000011fd54000 	/Applications/SPSSStatistics.app/Contents/JRE/lib/libawt.dylib
0x000000011fdfe000 	/Applications/SPSSStatistics.app/Contents/JRE/lib/libmlib_image.dylib
0x000000011feca000 	/Applications/SPSSStatistics.app/Contents/JRE/lib/libawt_lwawt.dylib
0x00007fff30cd3000 	/System/Library/Frameworks/FileProvider.framework/Versions/A/FileProvider
0x00007fff2b866000 	/System/Library/Frameworks/Accounts.framework/Versions/A/Accounts
0x00007fff4fdd6000 	/System/Library/PrivateFrameworks/GenerationalStorage.framework/Versions/A/GenerationalStorage
0x00007fff5ec25000 	/System/Library/PrivateFrameworks/SymptomDiagnosticReporter.framework/Versions/A/SymptomDiagnosticReporter
0x00007fff41740000 	/System/Library/PrivateFrameworks/AppContainer.framework/Versions/A/AppContainer
0x00007fff6761c000 	/usr/lib/libsandbox.1.dylib
0x00007fff6057e000 	/System/Library/PrivateFrameworks/UserManagement.framework/Versions/A/UserManagement
0x00007fff444e4000 	/System/Library/PrivateFrameworks/ChunkingLibrary.framework/Versions/A/ChunkingLibrary
0x00007fff417b2000 	/System/Library/PrivateFrameworks/AppSandbox.framework/Versions/A/AppSandbox
0x00007fff5c1ee000 	/System/Library/PrivateFrameworks/SecCodeWrapper.framework/Versions/A/SecCodeWrapper
0x00007fff654d3000 	/usr/lib/libMatch.1.dylib
0x00007fff2184e000 	/System/Library/CoreServices/RawCamera.bundle/Contents/MacOS/RawCamera
0x00007fff552c8000 	/System/Library/PrivateFrameworks/MobileAsset.framework/Versions/A/MobileAsset
0x00007fff5eacd000 	/System/Library/PrivateFrameworks/StreamingZip.framework/Versions/A/StreamingZip
0x00007fff33585000 	/System/Library/Frameworks/MediaToolbox.framework/Versions/A/MediaToolbox
0x00007fff45ef7000 	/System/Library/PrivateFrameworks/CoreAVCHD.framework/Versions/A/CoreAVCHD
0x00007fff334af000 	/System/Library/Frameworks/MediaAccessibility.framework/Versions/A/MediaAccessibility
0x00007fff5467c000 	/System/Library/PrivateFrameworks/Mangrove.framework/Versions/A/Mangrove
0x00007fff2f97c000 	/System/Library/Frameworks/CoreMedia.framework/Versions/A/CoreMedia
0x00007fff548e8000 	/System/Library/PrivateFrameworks/MediaExperience.framework/Versions/A/MediaExperience
0x00007fff3c45e000 	/System/Library/Frameworks/VideoToolbox.framework/Versions/A/VideoToolbox
0x00007fff45b21000 	/System/Library/PrivateFrameworks/CoreAUC.framework/Versions/A/CoreAUC
0x00007fff67674000 	/usr/lib/libspindump.dylib
0x00007fff42b80000 	/System/Library/PrivateFrameworks/AudioResourceArbitration.framework/Versions/A/AudioResourceArbitration
0x00007fff42595000 	/System/Library/PrivateFrameworks/AppleVA.framework/Versions/A/AppleVA
0x00007fff2a3e4000 	/System/Library/Frameworks/Accelerate.framework/Versions/A/Frameworks/vImage.framework/Versions/A/Libraries/libCGInterfaces.dylib
0x00000001212be000 	/usr/lib/libobjc-trampolines.dylib
0x00007fff4ae6c000 	/System/Library/PrivateFrameworks/FontServices.framework/libTrueTypeScaler.dylib
0x00007fff2715c000 	/System/Library/Extensions/AppleIntelKBLGraphicsMTLDriver.bundle/Contents/MacOS/AppleIntelKBLGraphicsMTLDriver
0x00007fff4e3f6000 	/System/Library/PrivateFrameworks/GPUCompiler.framework/Versions/3902/Libraries/libmetal_timestamp.dylib
0x00007fff4a6a4000 	/System/Library/PrivateFrameworks/FamilyControls.framework/Versions/A/FamilyControls
0x00007fff453d3000 	/System/Library/PrivateFrameworks/CommerceKit.framework/Versions/A/Frameworks/CommerceCore.framework/Versions/A/CommerceCore
0x00007fff5ec9f000 	/System/Library/PrivateFrameworks/SystemAdministration.framework/Versions/A/SystemAdministration
0x00007fff48c31000 	/System/Library/PrivateFrameworks/DiskManagement.framework/Versions/A/DiskManagement
0x00007fff309fd000 	/System/Library/Frameworks/DirectoryService.framework/Versions/A/DirectoryService
0x00007fff48b68000 	/System/Library/PrivateFrameworks/DiskImages.framework/Versions/A/DiskImages
0x00007fff53e87000 	/System/Library/PrivateFrameworks/LoginUIKit.framework/Versions/A/Frameworks/LoginUICore.framework/Versions/A/LoginUICore
0x00007fff6513a000 	/usr/lib/libCoreStorage.dylib
0x00007fff662b0000 	/usr/lib/libcsfde.dylib
0x00007fff6752f000 	/usr/lib/libodfde.dylib
0x00007fff54973000 	/System/Library/PrivateFrameworks/MediaKit.framework/Versions/A/MediaKit
0x00007fff30a09000 	/System/Library/Frameworks/DiscRecording.framework/Versions/A/DiscRecording
0x00007fff48de7000 	/System/Library/PrivateFrameworks/EFILogin.framework/Versions/A/EFILogin
0x00007fff5a270000 	/System/Library/PrivateFrameworks/ProtectedCloudStorage.framework/Versions/A/ProtectedCloudStorage
0x00007fff66324000 	/usr/lib/libcurl.4.dylib
0x00007fff661a9000 	/usr/lib/libcrypto.44.dylib
0x00007fff67954000 	/usr/lib/libssl.46.dylib
0x00007fff3311e000 	/System/Library/Frameworks/LDAP.framework/Versions/A/LDAP
0x00007fff5f677000 	/System/Library/PrivateFrameworks/TrustEvaluationAgent.framework/Versions/A/TrustEvaluationAgent
0x00007fff67661000 	/usr/lib/libsasl2.2.dylib
0x00007fff46273000 	/System/Library/PrivateFrameworks/CoreDaemon.framework/Versions/B/CoreDaemon
0x00007fff424ab000 	/System/Library/PrivateFrameworks/AppleSRP.framework/Versions/A/AppleSRP
0x00007fff6134a000 	/System/Library/PrivateFrameworks/ViewBridge.framework/Versions/A/ViewBridge
0x0000000121a9f000 	/Applications/SPSSStatistics.app/Contents/JRE/lib/libnio.dylib
0x00000001224e1000 	/Applications/SPSSStatistics.app/Contents/JRE/lib/libfontmanager.dylib
0x00007fff392f0000 	/System/Library/Frameworks/OpenGL.framework/Versions/A/Resources/GLEngine.bundle/GLEngine
0x00007fff386d3000 	/System/Library/Frameworks/OpenGL.framework/Versions/A/Libraries/libGLProgrammability.dylib
0x00007fff26154000 	/System/Library/Extensions/AppleIntelKBLGraphicsGLDriver.bundle/Contents/MacOS/AppleIntelKBLGraphicsGLDriver
0x00007fff4faa5000 	/System/Library/PrivateFrameworks/GPUSupport.framework/Versions/A/Libraries/libGPUSupportMercury.dylib
0x00007fff3946a000 	/System/Library/Frameworks/OpenGL.framework/Versions/A/Resources/GLRendererFloat.bundle/GLRendererFloat
0x00007fff37c8c000 	/System/Library/Frameworks/OpenCL.framework/Versions/A/Libraries/libcldcpuengine.dylib
0x00007fff625db000 	/System/Library/PrivateFrameworks/login.framework/Versions/A/login
0x00000001923a3000 	/Applications/SPSSStatistics.app/Contents/JRE/lib/libosxui.dylib
0x00000001925ac000 	/Applications/SPSSStatistics.app/Contents/lib/libspssstat.dylib
0x0000000192808000 	/Applications/SPSSStatistics.app/Contents/Library/Frameworks/Sentinel.framework/Versions/A/Sentinel
0x0000000192810000 	/Applications/SPSSStatistics.app/Contents/Library/Frameworks/SuperPro.framework/Versions/A/SuperPro
0x00007fff50f56000 	/System/Library/PrivateFrameworks/HDRProcessing.framework/Versions/A/HDRProcessing
0x000000019673c000 	/Applications/SPSSStatistics.app/Contents/lib/libjniviewer.dylib
0x00000001967d9000 	/Applications/SPSSStatistics.app/Contents/lib/libtempdir.dylib
0x00000001967f8000 	/Applications/SPSSStatistics.app/Contents/lib/libomfactry.dylib
0x000000019689e000 	/Applications/SPSSStatistics.app/Contents/lib/libomcell.dylib
0x00000001968c1000 	/Applications/SPSSStatistics.app/Contents/lib/libomtree.dylib
0x00000001968fc000 	/Applications/SPSSStatistics.app/Contents/lib/libspssjni.dylib
0x0000000196903000 	/Applications/SPSSStatistics.app/Contents/lib/libspssjvm.dylib
0x0000000196910000 	/Applications/SPSSStatistics.app/Contents/lib/libspsswmsg.dylib
0x0000000196938000 	/Applications/SPSSStatistics.app/Contents/lib/libstrtable.dylib
0x0000000196948000 	/Applications/SPSSStatistics.app/Contents/lib/libspsswlib.dylib
0x0000000198d1c000 	/Applications/SPSSStatistics.app/Contents/lib/libspssiocv.dylib
0x0000000198d51000 	/Applications/SPSSStatistics.app/Contents/lib/libgsk8iccs.dylib
0x0000000198dd4000 	/Applications/SPSSStatistics.app/Contents/lib/libdatasrc.dylib
0x0000000198e78000 	/Applications/SPSSStatistics.app/Contents/lib/libsvrerrs.dylib
0x0000000198e80000 	/Applications/SPSSStatistics.app/Contents/lib/libspsspool.dylib
0x0000000198eba000 	/Applications/SPSSStatistics.app/Contents/lib/libmccomsps.dylib
0x0000000198fbd000 	/Applications/SPSSStatistics.app/Contents/lib/libsvrdmgr.dylib
0x0000000198fde000 	/Applications/SPSSStatistics.app/Contents/lib/libmcbstsps.dylib
0x0000000198fe6000 	/Applications/SPSSStatistics.app/Contents/lib/libzlib1211spss.dylib
0x0000000199018000 	/Applications/SPSSStatistics.app/Contents/lib/libdatastr.dylib
0x0000000199034000 	/Applications/SPSSStatistics.app/Contents/lib/libstacrypt.dylib
0x0000000199041000 	/Applications/SPSSStatistics.app/Contents/lib/libspssmsgs.dylib
0x0000000199046000 	/Applications/SPSSStatistics.app/Contents/lib/libcpuinfo.dylib
0x0000000199049000 	/Applications/SPSSStatistics.app/Contents/lib/libspssdemg.dylib
0x0000000199091000 	/Applications/SPSSStatistics.app/Contents/lib/libreadonly.dylib
0x0000000199094000 	/Applications/SPSSStatistics.app/Contents/lib/libcmddata.dylib
0x0000000199099000 	/Applications/SPSSStatistics.app/Contents/lib/libcvtrans.dylib
0x00000001990ea000 	/Applications/SPSSStatistics.app/Contents/lib/libtmsutil.dylib
0x00000001990ef000 	/Applications/SPSSStatistics.app/Contents/lib/libvizchart.dylib
0x0000000199312000 	/Applications/SPSSStatistics.app/Contents/lib/libxalan-c.111.0.dylib
0x000000019995c000 	/Applications/SPSSStatistics.app/Contents/lib/libxalanMsg.111.0.dylib
0x0000000199969000 	/Applications/SPSSStatistics.app/Contents/lib/libindutil.dylib
0x0000000199975000 	/Applications/SPSSStatistics.app/Contents/lib/libcpputil.dylib
0x00000001999b0000 	/Applications/SPSSStatistics.app/Contents/common/ext/bin/spss.common/libscorelib910r.dylib
0x0000000199aaf000 	/Applications/SPSSStatistics.app/Contents/common/ext/bin/spss.common/libGeneralRegressionModel910r.dylib
0x0000000199b23000 	/Applications/SPSSStatistics.app/Contents/common/ext/bin/spss.common/libdiscriminant-model910r.dylib
0x0000000199b43000 	/Applications/SPSSStatistics.app/Contents/lib/libdedstore.dylib
0x0000000199b5e000 	/Applications/SPSSStatistics.app/Contents/lib/libfmsgs.dylib
0x0000000199b94000 	/Applications/SPSSStatistics.app/Contents/lib/libnetcom.dylib
0x0000000199bbc000 	/Applications/SPSSStatistics.app/Contents/lib/libfwutility.dylib
0x000000019cb01000 	/Applications/SPSSStatistics.app/Contents/JRE/lib/libsunec.dylib
0x0000000195cee000 	/Applications/SPSSStatistics.app/Contents/JRE/lib/libdcpr.dylib
0x00007fff5c4e4000 	/System/Library/PrivateFrameworks/Shortcut.framework/Versions/A/Shortcut
0x00007fff51b92000 	/System/Library/PrivateFrameworks/HelpData.framework/Versions/A/HelpData
0x0000000195298000 	/Applications/SPSSStatistics.app/Contents/JRE/lib/libjpeg.dylib

VM Arguments:
jvm_args: -Djava.library.path=/Applications/SPSSStatistics.app/Contents/lib:/Applications/SPSSStatistics.app/Contents/bin -Xms32M -Xmx1536M -XX:NewRatio=2 -XX:NewSize=4M -Dspss.mac.ScreenDPI=72 -Dstatistics.home=/Applications/SPSSStatistics.app/Contents/bin -Djava.security.properties=/Applications/SPSSStatistics.app/Contents/bin/java.security -Dapplication.home=/Applications/SPSSStatistics.app/Contents/bin -Djava.library.path=/Applications/SPSSStatistics.app/Contents/bin:/Applications/SPSSStatistics.app/Contents/lib -Dmac_std_deployment.home=/Library/Application Support/IBM/SPSS/Statistics/26 -Dstd_deployment.home=/Applications/SPSSStatistics.app/Contents -Dcommon_deployment.home=/Applications/SPSSStatistics.app/Contents/common 
java_command: com.spss.java_client.core.common.Driver
java_class_path (initial): :/Applications/SPSSStatistics.app/Contents/bin/json4j-1.0.jar:/Applications/SPSSStatistics.app/Contents/bin/excelxlsx.jar:/Applications/SPSSStatistics.app/Contents/bin/ExViewerDialogDemo.jar:/Applications/SPSSStatistics.app/Contents/bin/javax.inject-2.2.0-b10.jar:/Applications/SPSSStatistics.app/Contents/bin/mail.jar:/Applications/SPSSStatistics.app/Contents/bin/InstallExtBundles.jar:/Applications/SPSSStatistics.app/Contents/bin/spssexcel.jar:/Applications/SPSSStatistics.app/Contents/bin/TreeEditor.jar:/Applications/SPSSStatistics.app/Contents/bin/RaveEditor.jar:/Applications/SPSSStatistics.app/Contents/bin/exacc.jar:/Applications/SPSSStatistics.app/Contents/bin/SPSSClientUIRes.jar:/Applications/SPSSStatistics.app/Contents/bin/pasw-cf-common.jar:/Applications/SPSSStatistics.app/Contents/bin/jersey-server-2.1.jar:/Applications/SPSSStatistics.app/Contents/bin/TreeModel.jar:/Applications/SPSSStatistics.app/Contents/bin/jersey-client-2.1.jar:/Applications/SPSSStatistics.app/Contents/bin/pythoncfg.jar:/Applications/SPSSStatistics.app/Contents/bin/easadapter.jar:/Applications/SPSSStatistics.app/Contents/bin/commons-lang.jar:/Applications/SPSSStatistics.app/Contents/bin/UC.jar:/Applications/SPSSStatistics.app/Contents/bin/commons-discovery-0.2.jar:/Applications/SPSSStatistics.app/Contents/bin/VizJsonConverter.jar:/Applications/SPSSStatistics.app/Contents/bin/SPSSCoreApi.jar:/Applications/SPSSStatistics.app/Contents/bin/ModelViewer.jar:/Applications/SPSSStatistics.app/Contents/bin/jersey-media-multipart-2.1.jar:/Applications/SPSSStatistics.app/Contents/bin/jai_codec.jar:/Applications/SPSSStatistics.app/Contents/bin/reflections-0.9.9.jar:/Applications/SPSSStatistics.app/Contents/bin/RaveEditorRes.jar:/Applications/SPSSStatistics.app/Contents/bin/jaguar_treemodel.jar:/Applications/SPSSStatistics.app/Contents/bin/SPSSSyntaxEditor.jar:/Applications/SPSSStatistics.app/Contents/bin/commons-lang3-3.2.1.jar:/Applications/SPSSStatistics.app/Contents/bin/
Launcher Type: SUN_STANDARD

Environment Variables:
PATH=/Applications/SPSSStatistics.app/Contents/MacOS/../bin:/usr/bin:/bin:/usr/sbin:/sbin
SHELL=/bin/zsh
DISPLAY=/private/tmp/com.apple.launchd.SaIldYuHH6/org.macosforge.xquartz:0
DYLD_LIBRARY_PATH=/Applications/SPSSStatistics.app/Contents/MacOS/../lib:/Applications/SPSSStatistics.app/Contents/MacOS/../common/ext/bin/spss.common:/Applications/SPSSStatistics.app/Contents/MacOS/../ext/bin/spss.common:/Applications/SPSSStatistics.app/Contents/MacOS/../lib:/Applications/SPSSStatistics.app/Contents/MacOS/../Library/Frameworks/Sentinel.framework:/Applications/SPSSStatistics.app/Contents/MacOS/../Library/Frameworks/SuperPro.framework:/Applications/SPSSStatistics.app/Contents/MacOS/../JRE/lib/jli

Signal Handlers:
SIGSEGV: [libjvm.dylib+0x5b5de9], sa_mask[0]=11111111011111110111111111111111, sa_flags=SA_ONSTACK|SA_RESTART|SA_SIGINFO
SIGBUS: [libjvm.dylib+0x5b5de9], sa_mask[0]=11111111011111110111111111111111, sa_flags=SA_RESTART|SA_SIGINFO
SIGFPE: [libjvm.dylib+0x48b6b0], sa_mask[0]=11111111011111110111111111111111, sa_flags=SA_RESTART|SA_SIGINFO
SIGPIPE: [libjvm.dylib+0x48b6b0], sa_mask[0]=11111111011111110111111111111111, sa_flags=SA_RESTART|SA_SIGINFO
SIGXFSZ: [libjvm.dylib+0x48b6b0], sa_mask[0]=11111111011111110111111111111111, sa_flags=SA_RESTART|SA_SIGINFO
SIGILL: [libjvm.dylib+0x48b6b0], sa_mask[0]=11111111011111110111111111111111, sa_flags=SA_RESTART|SA_SIGINFO
SIGUSR1: SIG_DFL, sa_mask[0]=00000000000000000000000000000000, sa_flags=none
SIGUSR2: [libjvm.dylib+0x48b1ce], sa_mask[0]=00000000000000000000000000000000, sa_flags=SA_RESTART|SA_SIGINFO
SIGHUP: [libjvm.dylib+0x489759], sa_mask[0]=11111111011111110111111111111111, sa_flags=SA_RESTART|SA_SIGINFO
SIGINT: [libjvm.dylib+0x489759], sa_mask[0]=11111111011111110111111111111111, sa_flags=SA_RESTART|SA_SIGINFO
SIGTERM: [libjvm.dylib+0x489759], sa_mask[0]=11111111011111110111111111111111, sa_flags=SA_RESTART|SA_SIGINFO
SIGQUIT: [libjvm.dylib+0x489759], sa_mask[0]=11111111011111110111111111111111, sa_flags=SA_RESTART|SA_SIGINFO


---------------  S Y S T E M  ---------------

OS:Bsduname:Darwin 19.6.0 Darwin Kernel Version 19.6.0: Mon Aug 31 22:12:52 PDT 2020; root:xnu-6153.141.2~1/RELEASE_X86_64 x86_64
rlimit: STACK 8192k, CORE 0k, NPROC 1392, NOFILE 10240, AS infinity
load average:22.87 17.62 17.79

CPU:total 4 (initial active 4) (2 cores per cpu, 2 threads per core) family 6 model 142 stepping 9, cmov, cx8, fxsr, mmx, sse, sse2, sse3, ssse3, sse4.1, sse4.2, popcnt, avx, avx2, aes, clmul, erms, 3dnowpref, lzcnt, ht, tsc, tscinvbit, bmi1, bmi2, adx

Memory: 4k page, physical 8388608k(36980k free)

/proc/meminfo:


vm_info: Java HotSpot(TM) 64-Bit Server VM (25.191-b12) for bsd-amd64 JRE (1.8.0_191-b12), built on Oct  6 2018 08:37:07 by "java_re" with gcc 4.2.1 (Based on Apple Inc. build 5658) (LLVM build 2336.11.00)

time: Fri Oct 30 18:10:22 2020
elapsed time: 32748 seconds (0d 9h 5m 48s)

